0 info it worked if it ends with ok
1 verbose cli [ '/usr/bin/nodejs', '/usr/bin/npm', 'install', 'iron-cli' ]
2 info using npm@1.3.10
3 info using node@v0.10.25
4 verbose cache add [ 'iron-cli', null ]
5 verbose cache add name=undefined spec="iron-cli" args=["iron-cli",null]
6 verbose parsed url { protocol: null,
6 verbose parsed url   slashes: null,
6 verbose parsed url   auth: null,
6 verbose parsed url   host: null,
6 verbose parsed url   port: null,
6 verbose parsed url   hostname: null,
6 verbose parsed url   hash: null,
6 verbose parsed url   search: null,
6 verbose parsed url   query: null,
6 verbose parsed url   pathname: 'iron-cli',
6 verbose parsed url   path: 'iron-cli',
6 verbose parsed url   href: 'iron-cli' }
7 silly makeCacheDir cache dir uid, gid [ 0, 0 ]
8 silly lockFile 641c3688-iron-cli iron-cli
9 verbose lock iron-cli /root/.npm/641c3688-iron-cli.lock
10 silly lockFile 641c3688-iron-cli iron-cli
11 silly lockFile 641c3688-iron-cli iron-cli
12 verbose addNamed [ 'iron-cli', '' ]
13 verbose addNamed [ null, '*' ]
14 silly lockFile f5c66217-iron-cli iron-cli@
15 verbose lock iron-cli@ /root/.npm/f5c66217-iron-cli.lock
16 silly addNameRange { name: 'iron-cli', range: '*', hasData: false }
17 verbose url raw iron-cli
18 verbose url resolving [ 'https://registry.npmjs.org/', './iron-cli' ]
19 verbose url resolved https://registry.npmjs.org/iron-cli
20 info trying registry request attempt 1 at 15:27:25
21 http GET https://registry.npmjs.org/iron-cli
22 http 404 https://registry.npmjs.org/iron-cli
23 silly registry.get cb [ 404,
23 silly registry.get   { 'content-type': 'application/json',
23 silly registry.get     'cache-control': 'max-age=0',
23 silly registry.get     'content-length': '2',
23 silly registry.get     'accept-ranges': 'bytes',
23 silly registry.get     date: 'Tue, 13 Oct 2015 13:27:54 GMT',
23 silly registry.get     via: '1.1 varnish',
23 silly registry.get     age: '0',
23 silly registry.get     connection: 'keep-alive',
23 silly registry.get     'x-served-by': 'cache-lhr6329-LHR',
23 silly registry.get     'x-cache': 'MISS',
23 silly registry.get     'x-cache-hits': '0',
23 silly registry.get     'x-timer': 'S1444742874.499463,VS0,VE91' } ]
24 silly addNameRange number 2 { name: 'iron-cli', range: '*', hasData: true }
25 silly addNameRange versions [ undefined, [] ]
26 error TypeError: Cannot read property 'latest' of undefined
26 error     at next (/usr/share/npm/lib/cache.js:687:35)
26 error     at /usr/share/npm/lib/cache.js:675:5
26 error     at saved (/usr/share/npm/node_modules/npm-registry-client/lib/get.js:142:7)
26 error     at /usr/lib/nodejs/graceful-fs/polyfills.js:133:7
26 error     at Object.oncomplete (fs.js:107:15)
27 error If you need help, you may report this log at:
27 error     <http://github.com/isaacs/npm/issues>
27 error or email it to:
27 error     <npm-@googlegroups.com>
28 error System Linux 3.19.0-25-generic
29 error command "/usr/bin/nodejs" "/usr/bin/npm" "install" "iron-cli"
30 error cwd /media/sf_development/dashboard
31 error node -v v0.10.25
32 error npm -v 1.3.10
33 error type non_object_property_load
34 verbose exit [ 1, true ]
