[[[[[ /usr/src/dash/app ]]]]]

=> Started proxy.
[34mW20160823-01:09:12.690(2)? (STDERR) [39m[35mstream.js:74[39m
[34mW20160823-01:09:12.884(2)? (STDERR) [39m[35m      throw er; // Unhandled stream error in pipe.[39m
[34mW20160823-01:09:12.885(2)? (STDERR) [39m[35m      ^[39m
[34mW20160823-01:09:12.888(2)? (STDERR) [39m[35m[39m
[34mW20160823-01:09:12.888(2)? (STDERR) [39m[35mError: ENOENT: no such file or directory, open '/usr/src/dash/app/.meteor/local/cfs/files/_tempstore/files-5YbMqsnhds6HrNFAo-0.chunk'[39m
[34mW20160823-01:09:12.889(2)? (STDERR) [39m[35m    at Error (native)[39m
=> Exited with code: 1
[34mI20160823-01:10:52.061(2)? [39mProcessing form:2CrEZW2ZQ67RBsDgq
[34mI20160823-01:10:52.191(2)? [39mBuilding schema 2CrEZW2ZQ67RBsDgq
[34mI20160823-01:10:52.275(2)? [39mProcessing form:56EcCgYT8d92HkrEJ
[34mI20160823-01:10:52.288(2)? [39mBuilding schema 56EcCgYT8d92HkrEJ
[34mI20160823-01:10:52.325(2)? [39mProcessing form:EJwAhcD5jYCkERxac
[34mI20160823-01:10:52.362(2)? [39mBuilding schema EJwAhcD5jYCkERxac
[34mI20160823-01:10:52.390(2)? [39mProcessing form:MXnNm52DrTbxx4Dz9
[34mI20160823-01:10:52.410(2)? [39mBuilding schema MXnNm52DrTbxx4Dz9
[34mI20160823-01:10:52.449(2)? [39mProcessing form:tPRJunxMvshBZ6YdP
[34mI20160823-01:10:52.480(2)? [39mBuilding schema tPRJunxMvshBZ6YdP
[34mI20160823-01:10:52.480(2)? [39mProcessing form:w7TsHithgJ2bQ8mNp
[34mI20160823-01:10:52.583(2)? [39mBuilding schema w7TsHithgJ2bQ8mNp
[34mI20160823-01:10:52.624(2)? [39mProcessing form:MEAPfnRx6BWjikrxC
[34mI20160823-01:10:52.626(2)? [39mBuilding schema MEAPfnRx6BWjikrxC
[34mI20160823-01:10:52.679(2)? [39mProcessing form:4SYRaFokvmEqpaigu
[34mI20160823-01:10:52.753(2)? [39mBuilding schema 4SYRaFokvmEqpaigu
=> Meteor server restarted
=> Started your app.

=> App running at: http://localhost:3000/
[[[[[ /usr/src/dash/app ]]]]]

=> Started proxy.
