0 info it worked if it ends with ok
1 verbose cli [ 'C:\\Users\\thinkpad\\AppData\\Local\\.meteor\\packages\\meteor-tool\\1.3.4_1\\mt-os.windows.x86_32\\dev_bundle\\bin\\\\node.exe',
1 verbose cli   'C:\\Users\\thinkpad\\AppData\\Local\\.meteor\\packages\\meteor-tool\\1.3.4_1\\mt-os.windows.x86_32\\dev_bundle\\lib\\node_modules\\npm\\bin\\npm-cli.js',
1 verbose cli   'install' ]
2 info using npm@3.9.6
3 info using node@v0.10.45
4 silly loadCurrentTree Starting
5 silly install loadCurrentTree
6 silly install readLocalPackageData
7 silly install normalizeTree
8 silly loadCurrentTree Finishing
9 silly loadIdealTree Starting
10 silly install loadIdealTree
11 silly cloneCurrentTree Starting
12 silly install cloneCurrentTreeToIdealTree
13 silly cloneCurrentTree Finishing
14 silly loadShrinkwrap Starting
15 silly install loadShrinkwrap
16 silly loadShrinkwrap Finishing
17 silly loadAllDepsIntoIdealTree Starting
18 silly install loadAllDepsIntoIdealTree
19 silly fetchNamedPackageData fibers
20 silly mapToRegistry name fibers
21 silly mapToRegistry using default registry
22 silly mapToRegistry registry https://registry.npmjs.org/
23 silly mapToRegistry data { raw: 'fibers',
23 silly mapToRegistry   scope: null,
23 silly mapToRegistry   name: 'fibers',
23 silly mapToRegistry   rawSpec: '',
23 silly mapToRegistry   spec: 'latest',
23 silly mapToRegistry   type: 'tag' }
24 silly mapToRegistry uri https://registry.npmjs.org/fibers
25 verbose request uri https://registry.npmjs.org/fibers
26 verbose request no auth needed
27 info attempt registry request try #1 at 14:02:16
28 verbose request id abfa88b6d57c958d
29 verbose etag "B1HLOX4BPCTKAK6BSCUUYM7GU"
30 http request GET https://registry.npmjs.org/fibers
31 http 304 https://registry.npmjs.org/fibers
32 verbose headers { date: 'Tue, 28 Jun 2016 12:02:16 GMT',
32 verbose headers   via: '1.1 varnish',
32 verbose headers   'cache-control': 'max-age=300',
32 verbose headers   etag: '"B1HLOX4BPCTKAK6BSCUUYM7GU"',
32 verbose headers   age: '177',
32 verbose headers   connection: 'keep-alive',
32 verbose headers   'x-served-by': 'cache-lhr6330-LHR',
32 verbose headers   'x-cache': 'HIT',
32 verbose headers   'x-cache-hits': '1',
32 verbose headers   'x-timer': 'S1467115336.540634,VS0,VE0',
32 verbose headers   vary: 'Accept-Encoding' }
33 silly get cb [ 304,
33 silly get   { date: 'Tue, 28 Jun 2016 12:02:16 GMT',
33 silly get     via: '1.1 varnish',
33 silly get     'cache-control': 'max-age=300',
33 silly get     etag: '"B1HLOX4BPCTKAK6BSCUUYM7GU"',
33 silly get     age: '177',
33 silly get     connection: 'keep-alive',
33 silly get     'x-served-by': 'cache-lhr6330-LHR',
33 silly get     'x-cache': 'HIT',
33 silly get     'x-cache-hits': '1',
33 silly get     'x-timer': 'S1467115336.540634,VS0,VE0',
33 silly get     vary: 'Accept-Encoding' } ]
34 verbose etag https://registry.npmjs.org/fibers from cache
35 verbose get saving fibers to C:\Users\thinkpad\AppData\Roaming\npm-cache\registry.npmjs.org\fibers\.cache.json
36 verbose correctMkdir C:\Users\thinkpad\AppData\Roaming\npm-cache correctMkdir not in flight; initializing
37 silly resolveWithNewModule fibers@1.0.13 checking installable status
38 silly cache add args [ 'fibers@^1.0.13', null ]
39 verbose cache add spec fibers@^1.0.13
40 silly cache add parsed spec { raw: 'fibers@^1.0.13',
40 silly cache add   scope: null,
40 silly cache add   name: 'fibers',
40 silly cache add   rawSpec: '^1.0.13',
40 silly cache add   spec: '>=1.0.13 <2.0.0',
40 silly cache add   type: 'range' }
41 silly addNamed fibers@>=1.0.13 <2.0.0
42 verbose addNamed ">=1.0.13 <2.0.0" is a valid semver range for fibers
43 silly addNameRange { name: 'fibers', range: '>=1.0.13 <2.0.0', hasData: false }
44 silly mapToRegistry name fibers
45 silly mapToRegistry using default registry
46 silly mapToRegistry registry https://registry.npmjs.org/
47 silly mapToRegistry data { raw: 'fibers',
47 silly mapToRegistry   scope: null,
47 silly mapToRegistry   name: 'fibers',
47 silly mapToRegistry   rawSpec: '',
47 silly mapToRegistry   spec: 'latest',
47 silly mapToRegistry   type: 'tag' }
48 silly mapToRegistry uri https://registry.npmjs.org/fibers
49 verbose addNameRange registry:https://registry.npmjs.org/fibers not in flight; fetching
50 verbose get https://registry.npmjs.org/fibers not expired, no request
51 silly addNameRange number 2 { name: 'fibers', range: '>=1.0.13 <2.0.0', hasData: true }
52 silly addNameRange versions [ 'fibers',
52 silly addNameRange   [ '0.1.0',
52 silly addNameRange     '0.1.1',
52 silly addNameRange     '0.1.2',
52 silly addNameRange     '0.1.3',
52 silly addNameRange     '0.1.4',
52 silly addNameRange     '0.1.6',
52 silly addNameRange     '0.1.7',
52 silly addNameRange     '0.1.8',
52 silly addNameRange     '0.2.0',
52 silly addNameRange     '0.2.1',
52 silly addNameRange     '0.2.2',
52 silly addNameRange     '0.2.3',
52 silly addNameRange     '0.2.4',
52 silly addNameRange     '0.2.5',
52 silly addNameRange     '0.2.6',
52 silly addNameRange     '0.5.0',
52 silly addNameRange     '0.6.0',
52 silly addNameRange     '0.5.1',
52 silly addNameRange     '0.6.1',
52 silly addNameRange     '0.6.2',
52 silly addNameRange     '0.6.3',
52 silly addNameRange     '0.6.4',
52 silly addNameRange     '0.6.5',
52 silly addNameRange     '0.6.6',
52 silly addNameRange     '0.6.7',
52 silly addNameRange     '0.6.8',
52 silly addNameRange     '0.6.9',
52 silly addNameRange     '1.0.0',
52 silly addNameRange     '1.0.1',
52 silly addNameRange     '1.0.2',
52 silly addNameRange     '1.0.4',
52 silly addNameRange     '1.0.5',
52 silly addNameRange     '1.0.6-b',
52 silly addNameRange     '1.0.7',
52 silly addNameRange     '1.0.8',
52 silly addNameRange     '1.0.9',
52 silly addNameRange     '1.0.10',
52 silly addNameRange     '1.0.11',
52 silly addNameRange     '1.0.12',
52 silly addNameRange     '1.0.13' ] ]
53 silly addNamed fibers@1.0.13
54 verbose addNamed "1.0.13" is a plain semver version for fibers
55 silly cache afterAdd fibers@1.0.13
56 verbose afterAdd C:\Users\thinkpad\AppData\Roaming\npm-cache\fibers\1.0.13\package\package.json not in flight; writing
57 verbose correctMkdir C:\Users\thinkpad\AppData\Roaming\npm-cache correctMkdir not in flight; initializing
58 verbose afterAdd C:\Users\thinkpad\AppData\Roaming\npm-cache\fibers\1.0.13\package\package.json written
59 silly loadAllDepsIntoIdealTree Finishing
60 silly idealTree:prePrune app@1.0.0
60 silly idealTree:prePrune +-- acorn@1.2.2
60 silly idealTree:prePrune +-- align-text@0.1.4
60 silly idealTree:prePrune +-- alter@0.2.0
60 silly idealTree:prePrune +-- amdefine@1.0.0
60 silly idealTree:prePrune +-- ansi-regex@2.0.0
60 silly idealTree:prePrune +-- ansi-styles@2.2.1
60 silly idealTree:prePrune +-- archy@1.0.0
60 silly idealTree:prePrune +-- argparse@0.1.16
60 silly idealTree:prePrune +-- array-differ@1.0.0
60 silly idealTree:prePrune +-- array-find-index@1.0.1
60 silly idealTree:prePrune +-- array-uniq@1.0.3
60 silly idealTree:prePrune +-- asn1@0.2.3
60 silly idealTree:prePrune +-- assert-plus@0.2.0
60 silly idealTree:prePrune +-- ast-traverse@0.1.1
60 silly idealTree:prePrune +-- ast-types@0.8.12
60 silly idealTree:prePrune +-- async@1.5.2
60 silly idealTree:prePrune +-- aws-sign2@0.6.0
60 silly idealTree:prePrune +-- aws4@1.4.1
60 silly idealTree:prePrune +-- babel-core@5.8.38
60 silly idealTree:prePrune | +-- lodash@3.10.1
60 silly idealTree:prePrune | +-- minimatch@2.0.10
60 silly idealTree:prePrune | +-- path-exists@1.0.0
60 silly idealTree:prePrune | `-- repeating@1.1.3
60 silly idealTree:prePrune +-- babel-plugin-constant-folding@1.0.1
60 silly idealTree:prePrune +-- babel-plugin-dead-code-elimination@1.0.2
60 silly idealTree:prePrune +-- babel-plugin-eval@1.0.1
60 silly idealTree:prePrune +-- babel-plugin-inline-environment-variables@1.0.1
60 silly idealTree:prePrune +-- babel-plugin-jscript@1.0.4
60 silly idealTree:prePrune +-- babel-plugin-member-expression-literals@1.0.1
60 silly idealTree:prePrune +-- babel-plugin-property-literals@1.0.1
60 silly idealTree:prePrune +-- babel-plugin-proto-to-assign@1.0.4
60 silly idealTree:prePrune | `-- lodash@3.10.1
60 silly idealTree:prePrune +-- babel-plugin-react-constant-elements@1.0.3
60 silly idealTree:prePrune +-- babel-plugin-react-display-name@1.0.3
60 silly idealTree:prePrune +-- babel-plugin-remove-console@1.0.1
60 silly idealTree:prePrune +-- babel-plugin-remove-debugger@1.0.1
60 silly idealTree:prePrune +-- babel-plugin-runtime@1.0.7
60 silly idealTree:prePrune +-- babel-plugin-undeclared-variables-check@1.0.2
60 silly idealTree:prePrune +-- babel-plugin-undefined-to-void@1.1.6
60 silly idealTree:prePrune +-- babylon@5.8.38
60 silly idealTree:prePrune +-- balanced-match@0.4.1
60 silly idealTree:prePrune +-- batchelor@2.0.1
60 silly idealTree:prePrune +-- beeper@1.1.0
60 silly idealTree:prePrune +-- bl@1.1.2
60 silly idealTree:prePrune | +-- isarray@1.0.0
60 silly idealTree:prePrune | `-- readable-stream@2.0.6
60 silly idealTree:prePrune +-- bluebird@2.10.2
60 silly idealTree:prePrune +-- boom@2.10.1
60 silly idealTree:prePrune +-- brace-expansion@1.1.5
60 silly idealTree:prePrune +-- breakable@1.0.0
60 silly idealTree:prePrune +-- builtin-modules@1.1.1
60 silly idealTree:prePrune +-- camelcase-keys@2.1.0
60 silly idealTree:prePrune +-- camelcase@2.1.1
60 silly idealTree:prePrune +-- caseless@0.11.0
60 silly idealTree:prePrune +-- center-align@0.1.3
60 silly idealTree:prePrune +-- chalk@1.1.3
60 silly idealTree:prePrune +-- cliui@2.1.0
60 silly idealTree:prePrune +-- clone-stats@0.0.1
60 silly idealTree:prePrune +-- clone@1.0.2
60 silly idealTree:prePrune +-- combined-stream@1.0.5
60 silly idealTree:prePrune +-- commander@2.9.0
60 silly idealTree:prePrune +-- commoner@0.10.4
60 silly idealTree:prePrune +-- component-props@1.1.1
60 silly idealTree:prePrune +-- concat-map@0.0.1
60 silly idealTree:prePrune +-- convert-source-map@1.2.0
60 silly idealTree:prePrune +-- core-js@1.2.6
60 silly idealTree:prePrune +-- core-util-is@1.0.2
60 silly idealTree:prePrune +-- cryptiles@2.0.5
60 silly idealTree:prePrune +-- currently-unhandled@0.4.1
60 silly idealTree:prePrune +-- dashdash@1.14.0
60 silly idealTree:prePrune | `-- assert-plus@1.0.0
60 silly idealTree:prePrune +-- dateformat@1.0.12
60 silly idealTree:prePrune +-- debug@2.2.0
60 silly idealTree:prePrune +-- decamelize@1.2.0
60 silly idealTree:prePrune +-- deep-equal@0.2.1
60 silly idealTree:prePrune +-- defaults@1.0.3
60 silly idealTree:prePrune +-- defined@1.0.0
60 silly idealTree:prePrune +-- defs@1.1.1
60 silly idealTree:prePrune +-- delayed-stream@1.0.0
60 silly idealTree:prePrune +-- deprecated@0.0.1
60 silly idealTree:prePrune +-- detect-indent@3.0.1
60 silly idealTree:prePrune | `-- repeating@1.1.3
60 silly idealTree:prePrune +-- detective@4.3.1
60 silly idealTree:prePrune +-- dicer@0.2.5
60 silly idealTree:prePrune +-- duplexer2@0.0.2
60 silly idealTree:prePrune +-- ecc-jsbn@0.1.1
60 silly idealTree:prePrune +-- emitter-component@1.1.1
60 silly idealTree:prePrune +-- emitter@0.0.5
60 silly idealTree:prePrune +-- end-of-stream@0.1.5
60 silly idealTree:prePrune +-- error-ex@1.3.0
60 silly idealTree:prePrune +-- escape-string-regexp@1.0.5
60 silly idealTree:prePrune +-- esprima-fb@15001.1001.0-dev-harmony-fb
60 silly idealTree:prePrune +-- esutils@2.0.2
60 silly idealTree:prePrune +-- extend@3.0.0
60 silly idealTree:prePrune +-- extsprintf@1.0.2
60 silly idealTree:prePrune +-- fancy-log@1.2.0
60 silly idealTree:prePrune +-- fibers@1.0.13
60 silly idealTree:prePrune +-- filereader-stream@0.2.0
60 silly idealTree:prePrune | `-- inherits@1.0.0
60 silly idealTree:prePrune +-- find-index@0.1.1
60 silly idealTree:prePrune +-- find-up@1.1.2
60 silly idealTree:prePrune +-- findup-sync@0.3.0
60 silly idealTree:prePrune +-- first-chunk-stream@1.0.0
60 silly idealTree:prePrune +-- flagged-respawn@0.3.2
60 silly idealTree:prePrune +-- fluent-ffmpeg@2.1.0
60 silly idealTree:prePrune +-- forever-agent@0.6.1
60 silly idealTree:prePrune +-- form-data@1.0.0-rc4
60 silly idealTree:prePrune +-- fs-readdir-recursive@0.1.2
60 silly idealTree:prePrune +-- gaze@0.5.2
60 silly idealTree:prePrune +-- generate-function@2.0.0
60 silly idealTree:prePrune +-- generate-object-property@1.2.0
60 silly idealTree:prePrune +-- get-stdin@4.0.1
60 silly idealTree:prePrune +-- getpass@0.1.6
60 silly idealTree:prePrune | `-- assert-plus@1.0.0
60 silly idealTree:prePrune +-- glob-stream@3.1.18
60 silly idealTree:prePrune | +-- glob@4.5.3
60 silly idealTree:prePrune | +-- minimatch@2.0.10
60 silly idealTree:prePrune | +-- readable-stream@1.0.34
60 silly idealTree:prePrune | `-- through2@0.6.5
60 silly idealTree:prePrune +-- glob-watcher@0.0.6
60 silly idealTree:prePrune +-- glob2base@0.0.12
60 silly idealTree:prePrune +-- glob@5.0.15
60 silly idealTree:prePrune +-- globals@6.4.1
60 silly idealTree:prePrune +-- globule@0.1.0
60 silly idealTree:prePrune | +-- glob@3.1.21
60 silly idealTree:prePrune | +-- graceful-fs@1.2.3
60 silly idealTree:prePrune | +-- inherits@1.0.2
60 silly idealTree:prePrune | `-- minimatch@0.2.14
60 silly idealTree:prePrune +-- glogg@1.0.0
60 silly idealTree:prePrune +-- graceful-fs@4.1.4
60 silly idealTree:prePrune +-- graceful-readlink@1.0.1
60 silly idealTree:prePrune +-- gulp-babel@5.3.0
60 silly idealTree:prePrune | `-- object-assign@4.1.0
60 silly idealTree:prePrune +-- gulp-sourcemaps@1.6.0
60 silly idealTree:prePrune | `-- vinyl@1.1.1
60 silly idealTree:prePrune +-- gulp-util@3.0.7
60 silly idealTree:prePrune +-- gulp@3.9.1
60 silly idealTree:prePrune +-- gulplog@1.0.0
60 silly idealTree:prePrune +-- har-validator@2.0.6
60 silly idealTree:prePrune +-- has-ansi@2.0.0
60 silly idealTree:prePrune +-- has-gulplog@0.1.0
60 silly idealTree:prePrune +-- hat@0.0.3
60 silly idealTree:prePrune +-- hawk@3.1.3
60 silly idealTree:prePrune +-- hoek@2.16.3
60 silly idealTree:prePrune +-- home-or-tmp@1.0.0
60 silly idealTree:prePrune +-- hosted-git-info@2.1.5
60 silly idealTree:prePrune +-- http-signature@1.1.1
60 silly idealTree:prePrune +-- http-string-parser@0.0.4
60 silly idealTree:prePrune +-- iconv-lite@0.4.13
60 silly idealTree:prePrune +-- indent-string@2.1.0
60 silly idealTree:prePrune +-- inflight@1.0.5
60 silly idealTree:prePrune +-- inherits@2.0.1
60 silly idealTree:prePrune +-- interpret@1.0.1
60 silly idealTree:prePrune +-- invert-kv@1.0.0
60 silly idealTree:prePrune +-- is-arrayish@0.2.1
60 silly idealTree:prePrune +-- is-buffer@1.1.3
60 silly idealTree:prePrune +-- is-builtin-module@1.0.0
60 silly idealTree:prePrune +-- is-finite@1.0.1
60 silly idealTree:prePrune +-- is-integer@1.0.6
60 silly idealTree:prePrune +-- is-my-json-valid@2.13.1
60 silly idealTree:prePrune +-- is-property@1.0.2
60 silly idealTree:prePrune +-- is-stream@1.1.0
60 silly idealTree:prePrune +-- is-typedarray@1.0.0
60 silly idealTree:prePrune +-- is-utf8@0.2.1
60 silly idealTree:prePrune +-- isarray@0.0.1
60 silly idealTree:prePrune +-- isexe@1.1.2
60 silly idealTree:prePrune +-- isstream@0.1.2
60 silly idealTree:prePrune +-- jodid25519@1.0.2
60 silly idealTree:prePrune +-- jquery@2.2.4
60 silly idealTree:prePrune +-- js-tokens@1.0.1
60 silly idealTree:prePrune +-- js-yaml@1.0.3
60 silly idealTree:prePrune +-- jsbn@0.1.0
60 silly idealTree:prePrune +-- jsesc@0.5.0
60 silly idealTree:prePrune +-- jsml@0.0.1
60 silly idealTree:prePrune +-- json-schema@0.2.2
60 silly idealTree:prePrune +-- json-stringify-safe@5.0.1
60 silly idealTree:prePrune +-- json5@0.4.0
60 silly idealTree:prePrune +-- jsonpointer@2.0.0
60 silly idealTree:prePrune +-- jsprim@1.3.0
60 silly idealTree:prePrune +-- kind-of@3.0.3
60 silly idealTree:prePrune +-- later@1.2.0
60 silly idealTree:prePrune +-- lazy-cache@1.0.4
60 silly idealTree:prePrune +-- lcid@1.0.0
60 silly idealTree:prePrune +-- leven@1.0.2
60 silly idealTree:prePrune +-- liftoff@2.2.4
60 silly idealTree:prePrune +-- load-json-file@1.1.0
60 silly idealTree:prePrune +-- lodash._basecopy@3.0.1
60 silly idealTree:prePrune +-- lodash._basetostring@3.0.1
60 silly idealTree:prePrune +-- lodash._basevalues@3.0.0
60 silly idealTree:prePrune +-- lodash._getnative@3.9.1
60 silly idealTree:prePrune +-- lodash._isiterateecall@3.0.9
60 silly idealTree:prePrune +-- lodash._reescape@3.0.0
60 silly idealTree:prePrune +-- lodash._reevaluate@3.0.0
60 silly idealTree:prePrune +-- lodash._reinterpolate@3.0.0
60 silly idealTree:prePrune +-- lodash._root@3.0.1
60 silly idealTree:prePrune +-- lodash.escape@3.2.0
60 silly idealTree:prePrune +-- lodash.isarguments@3.0.8
60 silly idealTree:prePrune +-- lodash.isarray@3.0.4
60 silly idealTree:prePrune +-- lodash.keys@3.1.2
60 silly idealTree:prePrune +-- lodash.restparam@3.6.1
60 silly idealTree:prePrune +-- lodash.template@3.6.2
60 silly idealTree:prePrune +-- lodash.templatesettings@3.1.1
60 silly idealTree:prePrune +-- lodash@1.0.2
60 silly idealTree:prePrune +-- longest@1.0.1
60 silly idealTree:prePrune +-- loud-rejection@1.5.0
60 silly idealTree:prePrune +-- lru-cache@2.7.3
60 silly idealTree:prePrune +-- map-obj@1.0.1
60 silly idealTree:prePrune +-- meow@3.7.0
60 silly idealTree:prePrune | `-- object-assign@4.1.0
60 silly idealTree:prePrune +-- meteor-node-stubs@0.2.3
60 silly idealTree:prePrune | +-- assert@1.3.0
60 silly idealTree:prePrune | +-- browserify-zlib@0.1.4
60 silly idealTree:prePrune | | `-- pako@0.2.8
60 silly idealTree:prePrune | +-- buffer@4.5.1
60 silly idealTree:prePrune | | +-- base64-js@1.1.2
60 silly idealTree:prePrune | | +-- ieee754@1.1.6
60 silly idealTree:prePrune | | `-- isarray@1.0.0
60 silly idealTree:prePrune | +-- console-browserify@1.1.0
60 silly idealTree:prePrune | | `-- date-now@0.1.4
60 silly idealTree:prePrune | +-- constants-browserify@1.0.0
60 silly idealTree:prePrune | +-- crypto-browserify@3.11.0
60 silly idealTree:prePrune | | +-- browserify-cipher@1.0.0
60 silly idealTree:prePrune | | | +-- browserify-aes@1.0.6
60 silly idealTree:prePrune | | | | +-- buffer-xor@1.0.3
60 silly idealTree:prePrune | | | | `-- cipher-base@1.0.2
60 silly idealTree:prePrune | | | +-- browserify-des@1.0.0
60 silly idealTree:prePrune | | | | +-- cipher-base@1.0.2
60 silly idealTree:prePrune | | | | `-- des.js@1.0.0
60 silly idealTree:prePrune | | | |   `-- minimalistic-assert@1.0.0
60 silly idealTree:prePrune | | | `-- evp_bytestokey@1.0.0
60 silly idealTree:prePrune | | +-- browserify-sign@4.0.0
60 silly idealTree:prePrune | | | +-- bn.js@4.11.1
60 silly idealTree:prePrune | | | +-- browserify-rsa@4.0.1
60 silly idealTree:prePrune | | | +-- elliptic@6.2.3
60 silly idealTree:prePrune | | | | +-- brorand@1.0.5
60 silly idealTree:prePrune | | | | `-- hash.js@1.0.3
60 silly idealTree:prePrune | | | `-- parse-asn1@5.0.0
60 silly idealTree:prePrune | | |   +-- asn1.js@4.5.2
60 silly idealTree:prePrune | | |   | `-- minimalistic-assert@1.0.0
60 silly idealTree:prePrune | | |   +-- browserify-aes@1.0.6
60 silly idealTree:prePrune | | |   | +-- buffer-xor@1.0.3
60 silly idealTree:prePrune | | |   | `-- cipher-base@1.0.2
60 silly idealTree:prePrune | | |   `-- evp_bytestokey@1.0.0
60 silly idealTree:prePrune | | +-- create-ecdh@4.0.0
60 silly idealTree:prePrune | | | +-- bn.js@4.11.1
60 silly idealTree:prePrune | | | `-- elliptic@6.2.3
60 silly idealTree:prePrune | | |   +-- brorand@1.0.5
60 silly idealTree:prePrune | | |   `-- hash.js@1.0.3
60 silly idealTree:prePrune | | +-- create-hash@1.1.2
60 silly idealTree:prePrune | | | +-- cipher-base@1.0.2
60 silly idealTree:prePrune | | | +-- ripemd160@1.0.1
60 silly idealTree:prePrune | | | `-- sha.js@2.4.5
60 silly idealTree:prePrune | | +-- create-hmac@1.1.4
60 silly idealTree:prePrune | | +-- diffie-hellman@5.0.2
60 silly idealTree:prePrune | | | +-- bn.js@4.11.1
60 silly idealTree:prePrune | | | `-- miller-rabin@4.0.0
60 silly idealTree:prePrune | | |   `-- brorand@1.0.5
60 silly idealTree:prePrune | | +-- inherits@2.0.1
60 silly idealTree:prePrune | | +-- pbkdf2@3.0.4
60 silly idealTree:prePrune | | +-- public-encrypt@4.0.0
60 silly idealTree:prePrune | | | +-- bn.js@4.11.1
60 silly idealTree:prePrune | | | +-- browserify-rsa@4.0.1
60 silly idealTree:prePrune | | | `-- parse-asn1@5.0.0
60 silly idealTree:prePrune | | |   +-- asn1.js@4.5.2
60 silly idealTree:prePrune | | |   | `-- minimalistic-assert@1.0.0
60 silly idealTree:prePrune | | |   +-- browserify-aes@1.0.6
60 silly idealTree:prePrune | | |   | +-- buffer-xor@1.0.3
60 silly idealTree:prePrune | | |   | `-- cipher-base@1.0.2
60 silly idealTree:prePrune | | |   `-- evp_bytestokey@1.0.0
60 silly idealTree:prePrune | | `-- randombytes@2.0.3
60 silly idealTree:prePrune | +-- domain-browser@1.1.7
60 silly idealTree:prePrune | +-- events@1.1.0
60 silly idealTree:prePrune | +-- http-browserify@1.7.0
60 silly idealTree:prePrune | | +-- Base64@0.2.1
60 silly idealTree:prePrune | | `-- inherits@2.0.1
60 silly idealTree:prePrune | +-- https-browserify@0.0.1
60 silly idealTree:prePrune | +-- os-browserify@0.2.1
60 silly idealTree:prePrune | +-- path-browserify@0.0.0
60 silly idealTree:prePrune | +-- process@0.11.2
60 silly idealTree:prePrune | +-- punycode@1.4.1
60 silly idealTree:prePrune | +-- querystring-es3@0.2.1
60 silly idealTree:prePrune | +-- readable-stream@2.0.6
60 silly idealTree:prePrune | | +-- core-util-is@1.0.2
60 silly idealTree:prePrune | | +-- inherits@2.0.1
60 silly idealTree:prePrune | | +-- isarray@1.0.0
60 silly idealTree:prePrune | | +-- process-nextick-args@1.0.6
60 silly idealTree:prePrune | | `-- util-deprecate@1.0.2
60 silly idealTree:prePrune | +-- stream-browserify@2.0.1
60 silly idealTree:prePrune | | `-- inherits@2.0.1
60 silly idealTree:prePrune | +-- string_decoder@0.10.31
60 silly idealTree:prePrune | +-- timers-browserify@1.4.2
60 silly idealTree:prePrune | +-- tty-browserify@0.0.0
60 silly idealTree:prePrune | +-- url@0.11.0
60 silly idealTree:prePrune | | +-- punycode@1.3.2
60 silly idealTree:prePrune | | `-- querystring@0.2.0
60 silly idealTree:prePrune | +-- util@0.10.3
60 silly idealTree:prePrune | | `-- inherits@2.0.1
60 silly idealTree:prePrune | `-- vm-browserify@0.0.4
60 silly idealTree:prePrune |   `-- indexof@0.0.1
60 silly idealTree:prePrune +-- mime-db@1.23.0
60 silly idealTree:prePrune +-- mime-types@2.1.11
60 silly idealTree:prePrune +-- minimatch@3.0.2
60 silly idealTree:prePrune +-- minimist@1.2.0
60 silly idealTree:prePrune +-- mkdirp@0.5.1
60 silly idealTree:prePrune | `-- minimist@0.0.8
60 silly idealTree:prePrune +-- ms@0.7.1
60 silly idealTree:prePrune +-- multipipe@0.1.2
60 silly idealTree:prePrune +-- musicmetadata@2.0.4
60 silly idealTree:prePrune +-- node-uuid@1.4.7
60 silly idealTree:prePrune +-- normalize-package-data@2.3.5
60 silly idealTree:prePrune +-- number-is-nan@1.0.0
60 silly idealTree:prePrune +-- oauth-sign@0.8.2
60 silly idealTree:prePrune +-- object-assign@3.0.0
60 silly idealTree:prePrune +-- once@1.3.3
60 silly idealTree:prePrune +-- orchestrator@0.3.7
60 silly idealTree:prePrune +-- ordered-read-streams@0.1.0
60 silly idealTree:prePrune +-- os-homedir@1.0.1
60 silly idealTree:prePrune +-- os-locale@1.4.0
60 silly idealTree:prePrune +-- os-tmpdir@1.0.1
60 silly idealTree:prePrune +-- output-file-sync@1.1.2
60 silly idealTree:prePrune | `-- object-assign@4.1.0
60 silly idealTree:prePrune +-- parse-json@2.2.0
60 silly idealTree:prePrune +-- path-exists@2.1.0
60 silly idealTree:prePrune +-- path-is-absolute@1.0.0
60 silly idealTree:prePrune +-- path-type@1.1.0
60 silly idealTree:prePrune +-- pify@2.3.0
60 silly idealTree:prePrune +-- pinkie-promise@2.0.1
60 silly idealTree:prePrune +-- pinkie@2.0.4
60 silly idealTree:prePrune +-- pretty-hrtime@1.0.2
60 silly idealTree:prePrune +-- private@0.1.6
60 silly idealTree:prePrune +-- process-nextick-args@1.0.7
60 silly idealTree:prePrune +-- props@0.3.0
60 silly idealTree:prePrune +-- q@1.4.1
60 silly idealTree:prePrune +-- qs@6.1.0
60 silly idealTree:prePrune +-- read-pkg-up@1.0.1
60 silly idealTree:prePrune +-- read-pkg@1.1.0
60 silly idealTree:prePrune +-- readable-stream@1.1.14
60 silly idealTree:prePrune +-- recast@0.10.33
60 silly idealTree:prePrune +-- rechoir@0.6.2
60 silly idealTree:prePrune +-- redent@1.0.0
60 silly idealTree:prePrune +-- regenerate@1.3.1
60 silly idealTree:prePrune +-- regenerator@0.8.40
60 silly idealTree:prePrune +-- regexpu@1.3.0
60 silly idealTree:prePrune | `-- esprima@2.7.2
60 silly idealTree:prePrune +-- regjsgen@0.2.0
60 silly idealTree:prePrune +-- regjsparser@0.1.5
60 silly idealTree:prePrune +-- repeat-string@1.5.4
60 silly idealTree:prePrune +-- repeating@2.0.1
60 silly idealTree:prePrune +-- replace-ext@0.0.1
60 silly idealTree:prePrune +-- request@2.72.0
60 silly idealTree:prePrune +-- resolve@1.1.7
60 silly idealTree:prePrune +-- right-align@0.1.3
60 silly idealTree:prePrune +-- semver@4.3.6
60 silly idealTree:prePrune +-- sequencify@0.0.7
60 silly idealTree:prePrune +-- shebang-regex@1.0.0
60 silly idealTree:prePrune +-- sigmund@1.0.1
60 silly idealTree:prePrune +-- signal-exit@3.0.0
60 silly idealTree:prePrune +-- simple-fmt@0.1.0
60 silly idealTree:prePrune +-- simple-is@0.2.0
60 silly idealTree:prePrune +-- slash@1.0.0
60 silly idealTree:prePrune +-- slick@1.12.2
60 silly idealTree:prePrune +-- sntp@1.0.9
60 silly idealTree:prePrune +-- source-map-support@0.2.10
60 silly idealTree:prePrune | `-- source-map@0.1.32
60 silly idealTree:prePrune +-- source-map@0.5.6
60 silly idealTree:prePrune +-- sparkles@1.0.0
60 silly idealTree:prePrune +-- spdx-correct@1.0.2
60 silly idealTree:prePrune +-- spdx-exceptions@1.0.4
60 silly idealTree:prePrune +-- spdx-expression-parse@1.0.2
60 silly idealTree:prePrune +-- spdx-license-ids@1.2.1
60 silly idealTree:prePrune +-- sshpk@1.8.3
60 silly idealTree:prePrune | `-- assert-plus@1.0.0
60 silly idealTree:prePrune +-- stable@0.1.5
60 silly idealTree:prePrune +-- stream-consume@0.1.0
60 silly idealTree:prePrune +-- stream@0.0.2
60 silly idealTree:prePrune +-- streamsearch@0.1.2
60 silly idealTree:prePrune +-- string_decoder@0.10.31
60 silly idealTree:prePrune +-- stringmap@0.2.2
60 silly idealTree:prePrune +-- stringset@0.2.1
60 silly idealTree:prePrune +-- stringstream@0.0.5
60 silly idealTree:prePrune +-- strip-ansi@3.0.1
60 silly idealTree:prePrune +-- strip-bom@2.0.0
60 silly idealTree:prePrune +-- strip-indent@1.0.1
60 silly idealTree:prePrune +-- strtok2@1.0.1
60 silly idealTree:prePrune +-- sum-component@0.1.1
60 silly idealTree:prePrune +-- supports-color@2.0.0
60 silly idealTree:prePrune +-- through2@2.0.1
60 silly idealTree:prePrune | +-- isarray@1.0.0
60 silly idealTree:prePrune | `-- readable-stream@2.0.6
60 silly idealTree:prePrune +-- through@2.3.8
60 silly idealTree:prePrune +-- tildify@1.2.0
60 silly idealTree:prePrune +-- time-stamp@1.0.1
60 silly idealTree:prePrune +-- to-fast-properties@1.0.2
60 silly idealTree:prePrune +-- to-function@2.0.6
60 silly idealTree:prePrune +-- tough-cookie@2.2.2
60 silly idealTree:prePrune +-- trim-newlines@1.0.0
60 silly idealTree:prePrune +-- trim-right@1.0.1
60 silly idealTree:prePrune +-- try-resolve@1.0.1
60 silly idealTree:prePrune +-- tryor@0.1.2
60 silly idealTree:prePrune +-- tunnel-agent@0.4.3
60 silly idealTree:prePrune +-- tweetnacl@0.13.3
60 silly idealTree:prePrune +-- underscore.string@2.4.0
60 silly idealTree:prePrune +-- underscore@1.7.0
60 silly idealTree:prePrune +-- unique-stream@1.0.0
60 silly idealTree:prePrune +-- user-home@1.1.1
60 silly idealTree:prePrune +-- util-deprecate@1.0.2
60 silly idealTree:prePrune +-- v8flags@2.0.11
60 silly idealTree:prePrune +-- validate-npm-package-license@3.0.1
60 silly idealTree:prePrune +-- verror@1.3.6
60 silly idealTree:prePrune +-- vinyl-fs@0.3.14
60 silly idealTree:prePrune | +-- clone@0.2.0
60 silly idealTree:prePrune | +-- graceful-fs@3.0.8
60 silly idealTree:prePrune | +-- readable-stream@1.0.34
60 silly idealTree:prePrune | +-- strip-bom@1.0.0
60 silly idealTree:prePrune | +-- through2@0.6.5
60 silly idealTree:prePrune | `-- vinyl@0.4.6
60 silly idealTree:prePrune +-- vinyl-sourcemaps-apply@0.2.1
60 silly idealTree:prePrune +-- vinyl@0.5.3
60 silly idealTree:prePrune +-- which@1.2.10
60 silly idealTree:prePrune +-- window-size@0.1.4
60 silly idealTree:prePrune +-- wordwrap@0.0.2
60 silly idealTree:prePrune +-- wrappy@1.0.2
60 silly idealTree:prePrune +-- xtend@4.0.1
60 silly idealTree:prePrune +-- y18n@3.2.1
60 silly idealTree:prePrune `-- yargs@3.27.0
60 silly idealTree:prePrune   `-- camelcase@1.2.1
61 silly loadIdealTree Finishing
62 silly currentTree app@1.0.0
62 silly currentTree +-- acorn@1.2.2
62 silly currentTree +-- align-text@0.1.4
62 silly currentTree +-- alter@0.2.0
62 silly currentTree +-- amdefine@1.0.0
62 silly currentTree +-- ansi-regex@2.0.0
62 silly currentTree +-- ansi-styles@2.2.1
62 silly currentTree +-- archy@1.0.0
62 silly currentTree +-- argparse@0.1.16
62 silly currentTree +-- array-differ@1.0.0
62 silly currentTree +-- array-find-index@1.0.1
62 silly currentTree +-- array-uniq@1.0.3
62 silly currentTree +-- asn1@0.2.3
62 silly currentTree +-- assert-plus@0.2.0
62 silly currentTree +-- ast-traverse@0.1.1
62 silly currentTree +-- ast-types@0.8.12
62 silly currentTree +-- async@1.5.2
62 silly currentTree +-- aws-sign2@0.6.0
62 silly currentTree +-- aws4@1.4.1
62 silly currentTree +-- babel-core@5.8.38
62 silly currentTree | +-- lodash@3.10.1
62 silly currentTree | +-- minimatch@2.0.10
62 silly currentTree | +-- path-exists@1.0.0
62 silly currentTree | `-- repeating@1.1.3
62 silly currentTree +-- babel-plugin-constant-folding@1.0.1
62 silly currentTree +-- babel-plugin-dead-code-elimination@1.0.2
62 silly currentTree +-- babel-plugin-eval@1.0.1
62 silly currentTree +-- babel-plugin-inline-environment-variables@1.0.1
62 silly currentTree +-- babel-plugin-jscript@1.0.4
62 silly currentTree +-- babel-plugin-member-expression-literals@1.0.1
62 silly currentTree +-- babel-plugin-property-literals@1.0.1
62 silly currentTree +-- babel-plugin-proto-to-assign@1.0.4
62 silly currentTree | `-- lodash@3.10.1
62 silly currentTree +-- babel-plugin-react-constant-elements@1.0.3
62 silly currentTree +-- babel-plugin-react-display-name@1.0.3
62 silly currentTree +-- babel-plugin-remove-console@1.0.1
62 silly currentTree +-- babel-plugin-remove-debugger@1.0.1
62 silly currentTree +-- babel-plugin-runtime@1.0.7
62 silly currentTree +-- babel-plugin-undeclared-variables-check@1.0.2
62 silly currentTree +-- babel-plugin-undefined-to-void@1.1.6
62 silly currentTree +-- babylon@5.8.38
62 silly currentTree +-- balanced-match@0.4.1
62 silly currentTree +-- batchelor@2.0.1
62 silly currentTree +-- beeper@1.1.0
62 silly currentTree +-- bl@1.1.2
62 silly currentTree | +-- isarray@1.0.0
62 silly currentTree | `-- readable-stream@2.0.6
62 silly currentTree +-- bluebird@2.10.2
62 silly currentTree +-- boom@2.10.1
62 silly currentTree +-- brace-expansion@1.1.5
62 silly currentTree +-- breakable@1.0.0
62 silly currentTree +-- builtin-modules@1.1.1
62 silly currentTree +-- camelcase-keys@2.1.0
62 silly currentTree +-- camelcase@2.1.1
62 silly currentTree +-- caseless@0.11.0
62 silly currentTree +-- center-align@0.1.3
62 silly currentTree +-- chalk@1.1.3
62 silly currentTree +-- cliui@2.1.0
62 silly currentTree +-- clone-stats@0.0.1
62 silly currentTree +-- clone@1.0.2
62 silly currentTree +-- combined-stream@1.0.5
62 silly currentTree +-- commander@2.9.0
62 silly currentTree +-- commoner@0.10.4
62 silly currentTree +-- component-props@1.1.1
62 silly currentTree +-- concat-map@0.0.1
62 silly currentTree +-- convert-source-map@1.2.0
62 silly currentTree +-- core-js@1.2.6
62 silly currentTree +-- core-util-is@1.0.2
62 silly currentTree +-- cryptiles@2.0.5
62 silly currentTree +-- currently-unhandled@0.4.1
62 silly currentTree +-- dashdash@1.14.0
62 silly currentTree | `-- assert-plus@1.0.0
62 silly currentTree +-- dateformat@1.0.12
62 silly currentTree +-- debug@2.2.0
62 silly currentTree +-- decamelize@1.2.0
62 silly currentTree +-- deep-equal@0.2.1
62 silly currentTree +-- defaults@1.0.3
62 silly currentTree +-- defined@1.0.0
62 silly currentTree +-- defs@1.1.1
62 silly currentTree +-- delayed-stream@1.0.0
62 silly currentTree +-- deprecated@0.0.1
62 silly currentTree +-- detect-indent@3.0.1
62 silly currentTree | `-- repeating@1.1.3
62 silly currentTree +-- detective@4.3.1
62 silly currentTree +-- dicer@0.2.5
62 silly currentTree +-- duplexer2@0.0.2
62 silly currentTree +-- ecc-jsbn@0.1.1
62 silly currentTree +-- emitter-component@1.1.1
62 silly currentTree +-- emitter@0.0.5
62 silly currentTree +-- end-of-stream@0.1.5
62 silly currentTree +-- error-ex@1.3.0
62 silly currentTree +-- escape-string-regexp@1.0.5
62 silly currentTree +-- esprima-fb@15001.1001.0-dev-harmony-fb
62 silly currentTree +-- esutils@2.0.2
62 silly currentTree +-- extend@3.0.0
62 silly currentTree +-- extsprintf@1.0.2
62 silly currentTree +-- fancy-log@1.2.0
62 silly currentTree +-- filereader-stream@0.2.0
62 silly currentTree | `-- inherits@1.0.0
62 silly currentTree +-- find-index@0.1.1
62 silly currentTree +-- find-up@1.1.2
62 silly currentTree +-- findup-sync@0.3.0
62 silly currentTree +-- first-chunk-stream@1.0.0
62 silly currentTree +-- flagged-respawn@0.3.2
62 silly currentTree +-- fluent-ffmpeg@2.1.0
62 silly currentTree +-- forever-agent@0.6.1
62 silly currentTree +-- form-data@1.0.0-rc4
62 silly currentTree +-- fs-readdir-recursive@0.1.2
62 silly currentTree +-- gaze@0.5.2
62 silly currentTree +-- generate-function@2.0.0
62 silly currentTree +-- generate-object-property@1.2.0
62 silly currentTree +-- get-stdin@4.0.1
62 silly currentTree +-- getpass@0.1.6
62 silly currentTree | `-- assert-plus@1.0.0
62 silly currentTree +-- glob-stream@3.1.18
62 silly currentTree | +-- glob@4.5.3
62 silly currentTree | +-- minimatch@2.0.10
62 silly currentTree | +-- readable-stream@1.0.34
62 silly currentTree | `-- through2@0.6.5
62 silly currentTree +-- glob-watcher@0.0.6
62 silly currentTree +-- glob2base@0.0.12
62 silly currentTree +-- glob@5.0.15
62 silly currentTree +-- globals@6.4.1
62 silly currentTree +-- globule@0.1.0
62 silly currentTree | +-- glob@3.1.21
62 silly currentTree | +-- graceful-fs@1.2.3
62 silly currentTree | +-- inherits@1.0.2
62 silly currentTree | `-- minimatch@0.2.14
62 silly currentTree +-- glogg@1.0.0
62 silly currentTree +-- graceful-fs@4.1.4
62 silly currentTree +-- graceful-readlink@1.0.1
62 silly currentTree +-- gulp-babel@5.3.0
62 silly currentTree | `-- object-assign@4.1.0
62 silly currentTree +-- gulp-sourcemaps@1.6.0
62 silly currentTree | `-- vinyl@1.1.1
62 silly currentTree +-- gulp-util@3.0.7
62 silly currentTree +-- gulp@3.9.1
62 silly currentTree +-- gulplog@1.0.0
62 silly currentTree +-- har-validator@2.0.6
62 silly currentTree +-- has-ansi@2.0.0
62 silly currentTree +-- has-gulplog@0.1.0
62 silly currentTree +-- hat@0.0.3
62 silly currentTree +-- hawk@3.1.3
62 silly currentTree +-- hoek@2.16.3
62 silly currentTree +-- home-or-tmp@1.0.0
62 silly currentTree +-- hosted-git-info@2.1.5
62 silly currentTree +-- http-signature@1.1.1
62 silly currentTree +-- http-string-parser@0.0.4
62 silly currentTree +-- iconv-lite@0.4.13
62 silly currentTree +-- indent-string@2.1.0
62 silly currentTree +-- inflight@1.0.5
62 silly currentTree +-- inherits@2.0.1
62 silly currentTree +-- interpret@1.0.1
62 silly currentTree +-- invert-kv@1.0.0
62 silly currentTree +-- is-arrayish@0.2.1
62 silly currentTree +-- is-buffer@1.1.3
62 silly currentTree +-- is-builtin-module@1.0.0
62 silly currentTree +-- is-finite@1.0.1
62 silly currentTree +-- is-integer@1.0.6
62 silly currentTree +-- is-my-json-valid@2.13.1
62 silly currentTree +-- is-property@1.0.2
62 silly currentTree +-- is-stream@1.1.0
62 silly currentTree +-- is-typedarray@1.0.0
62 silly currentTree +-- is-utf8@0.2.1
62 silly currentTree +-- isarray@0.0.1
62 silly currentTree +-- isexe@1.1.2
62 silly currentTree +-- isstream@0.1.2
62 silly currentTree +-- jodid25519@1.0.2
62 silly currentTree +-- jquery@2.2.4
62 silly currentTree +-- js-tokens@1.0.1
62 silly currentTree +-- js-yaml@1.0.3
62 silly currentTree +-- jsbn@0.1.0
62 silly currentTree +-- jsesc@0.5.0
62 silly currentTree +-- jsml@0.0.1
62 silly currentTree +-- json-schema@0.2.2
62 silly currentTree +-- json-stringify-safe@5.0.1
62 silly currentTree +-- json5@0.4.0
62 silly currentTree +-- jsonpointer@2.0.0
62 silly currentTree +-- jsprim@1.3.0
62 silly currentTree +-- kind-of@3.0.3
62 silly currentTree +-- later@1.2.0
62 silly currentTree +-- lazy-cache@1.0.4
62 silly currentTree +-- lcid@1.0.0
62 silly currentTree +-- leven@1.0.2
62 silly currentTree +-- liftoff@2.2.4
62 silly currentTree +-- load-json-file@1.1.0
62 silly currentTree +-- lodash._basecopy@3.0.1
62 silly currentTree +-- lodash._basetostring@3.0.1
62 silly currentTree +-- lodash._basevalues@3.0.0
62 silly currentTree +-- lodash._getnative@3.9.1
62 silly currentTree +-- lodash._isiterateecall@3.0.9
62 silly currentTree +-- lodash._reescape@3.0.0
62 silly currentTree +-- lodash._reevaluate@3.0.0
62 silly currentTree +-- lodash._reinterpolate@3.0.0
62 silly currentTree +-- lodash._root@3.0.1
62 silly currentTree +-- lodash.escape@3.2.0
62 silly currentTree +-- lodash.isarguments@3.0.8
62 silly currentTree +-- lodash.isarray@3.0.4
62 silly currentTree +-- lodash.keys@3.1.2
62 silly currentTree +-- lodash.restparam@3.6.1
62 silly currentTree +-- lodash.template@3.6.2
62 silly currentTree +-- lodash.templatesettings@3.1.1
62 silly currentTree +-- lodash@1.0.2
62 silly currentTree +-- longest@1.0.1
62 silly currentTree +-- loud-rejection@1.5.0
62 silly currentTree +-- lru-cache@2.7.3
62 silly currentTree +-- map-obj@1.0.1
62 silly currentTree +-- meow@3.7.0
62 silly currentTree | `-- object-assign@4.1.0
62 silly currentTree +-- meteor-node-stubs@0.2.3
62 silly currentTree | +-- assert@1.3.0
62 silly currentTree | +-- browserify-zlib@0.1.4
62 silly currentTree | | `-- pako@0.2.8
62 silly currentTree | +-- buffer@4.5.1
62 silly currentTree | | +-- base64-js@1.1.2
62 silly currentTree | | +-- ieee754@1.1.6
62 silly currentTree | | `-- isarray@1.0.0
62 silly currentTree | +-- console-browserify@1.1.0
62 silly currentTree | | `-- date-now@0.1.4
62 silly currentTree | +-- constants-browserify@1.0.0
62 silly currentTree | +-- crypto-browserify@3.11.0
62 silly currentTree | | +-- browserify-cipher@1.0.0
62 silly currentTree | | | +-- browserify-aes@1.0.6
62 silly currentTree | | | | +-- buffer-xor@1.0.3
62 silly currentTree | | | | `-- cipher-base@1.0.2
62 silly currentTree | | | +-- browserify-des@1.0.0
62 silly currentTree | | | | +-- cipher-base@1.0.2
62 silly currentTree | | | | `-- des.js@1.0.0
62 silly currentTree | | | |   `-- minimalistic-assert@1.0.0
62 silly currentTree | | | `-- evp_bytestokey@1.0.0
62 silly currentTree | | +-- browserify-sign@4.0.0
62 silly currentTree | | | +-- bn.js@4.11.1
62 silly currentTree | | | +-- browserify-rsa@4.0.1
62 silly currentTree | | | +-- elliptic@6.2.3
62 silly currentTree | | | | +-- brorand@1.0.5
62 silly currentTree | | | | `-- hash.js@1.0.3
62 silly currentTree | | | `-- parse-asn1@5.0.0
62 silly currentTree | | |   +-- asn1.js@4.5.2
62 silly currentTree | | |   | `-- minimalistic-assert@1.0.0
62 silly currentTree | | |   +-- browserify-aes@1.0.6
62 silly currentTree | | |   | +-- buffer-xor@1.0.3
62 silly currentTree | | |   | `-- cipher-base@1.0.2
62 silly currentTree | | |   `-- evp_bytestokey@1.0.0
62 silly currentTree | | +-- create-ecdh@4.0.0
62 silly currentTree | | | +-- bn.js@4.11.1
62 silly currentTree | | | `-- elliptic@6.2.3
62 silly currentTree | | |   +-- brorand@1.0.5
62 silly currentTree | | |   `-- hash.js@1.0.3
62 silly currentTree | | +-- create-hash@1.1.2
62 silly currentTree | | | +-- cipher-base@1.0.2
62 silly currentTree | | | +-- ripemd160@1.0.1
62 silly currentTree | | | `-- sha.js@2.4.5
62 silly currentTree | | +-- create-hmac@1.1.4
62 silly currentTree | | +-- diffie-hellman@5.0.2
62 silly currentTree | | | +-- bn.js@4.11.1
62 silly currentTree | | | `-- miller-rabin@4.0.0
62 silly currentTree | | |   `-- brorand@1.0.5
62 silly currentTree | | +-- inherits@2.0.1
62 silly currentTree | | +-- pbkdf2@3.0.4
62 silly currentTree | | +-- public-encrypt@4.0.0
62 silly currentTree | | | +-- bn.js@4.11.1
62 silly currentTree | | | +-- browserify-rsa@4.0.1
62 silly currentTree | | | `-- parse-asn1@5.0.0
62 silly currentTree | | |   +-- asn1.js@4.5.2
62 silly currentTree | | |   | `-- minimalistic-assert@1.0.0
62 silly currentTree | | |   +-- browserify-aes@1.0.6
62 silly currentTree | | |   | +-- buffer-xor@1.0.3
62 silly currentTree | | |   | `-- cipher-base@1.0.2
62 silly currentTree | | |   `-- evp_bytestokey@1.0.0
62 silly currentTree | | `-- randombytes@2.0.3
62 silly currentTree | +-- domain-browser@1.1.7
62 silly currentTree | +-- events@1.1.0
62 silly currentTree | +-- http-browserify@1.7.0
62 silly currentTree | | +-- Base64@0.2.1
62 silly currentTree | | `-- inherits@2.0.1
62 silly currentTree | +-- https-browserify@0.0.1
62 silly currentTree | +-- os-browserify@0.2.1
62 silly currentTree | +-- path-browserify@0.0.0
62 silly currentTree | +-- process@0.11.2
62 silly currentTree | +-- punycode@1.4.1
62 silly currentTree | +-- querystring-es3@0.2.1
62 silly currentTree | +-- readable-stream@2.0.6
62 silly currentTree | | +-- core-util-is@1.0.2
62 silly currentTree | | +-- inherits@2.0.1
62 silly currentTree | | +-- isarray@1.0.0
62 silly currentTree | | +-- process-nextick-args@1.0.6
62 silly currentTree | | `-- util-deprecate@1.0.2
62 silly currentTree | +-- stream-browserify@2.0.1
62 silly currentTree | | `-- inherits@2.0.1
62 silly currentTree | +-- string_decoder@0.10.31
62 silly currentTree | +-- timers-browserify@1.4.2
62 silly currentTree | +-- tty-browserify@0.0.0
62 silly currentTree | +-- url@0.11.0
62 silly currentTree | | +-- punycode@1.3.2
62 silly currentTree | | `-- querystring@0.2.0
62 silly currentTree | +-- util@0.10.3
62 silly currentTree | | `-- inherits@2.0.1
62 silly currentTree | `-- vm-browserify@0.0.4
62 silly currentTree |   `-- indexof@0.0.1
62 silly currentTree +-- mime-db@1.23.0
62 silly currentTree +-- mime-types@2.1.11
62 silly currentTree +-- minimatch@3.0.2
62 silly currentTree +-- minimist@1.2.0
62 silly currentTree +-- mkdirp@0.5.1
62 silly currentTree | `-- minimist@0.0.8
62 silly currentTree +-- ms@0.7.1
62 silly currentTree +-- multipipe@0.1.2
62 silly currentTree +-- musicmetadata@2.0.4
62 silly currentTree +-- node-uuid@1.4.7
62 silly currentTree +-- normalize-package-data@2.3.5
62 silly currentTree +-- number-is-nan@1.0.0
62 silly currentTree +-- oauth-sign@0.8.2
62 silly currentTree +-- object-assign@3.0.0
62 silly currentTree +-- once@1.3.3
62 silly currentTree +-- orchestrator@0.3.7
62 silly currentTree +-- ordered-read-streams@0.1.0
62 silly currentTree +-- os-homedir@1.0.1
62 silly currentTree +-- os-locale@1.4.0
62 silly currentTree +-- os-tmpdir@1.0.1
62 silly currentTree +-- output-file-sync@1.1.2
62 silly currentTree | `-- object-assign@4.1.0
62 silly currentTree +-- parse-json@2.2.0
62 silly currentTree +-- path-exists@2.1.0
62 silly currentTree +-- path-is-absolute@1.0.0
62 silly currentTree +-- path-type@1.1.0
62 silly currentTree +-- pify@2.3.0
62 silly currentTree +-- pinkie-promise@2.0.1
62 silly currentTree +-- pinkie@2.0.4
62 silly currentTree +-- pretty-hrtime@1.0.2
62 silly currentTree +-- private@0.1.6
62 silly currentTree +-- process-nextick-args@1.0.7
62 silly currentTree +-- props@0.3.0
62 silly currentTree +-- q@1.4.1
62 silly currentTree +-- qs@6.1.0
62 silly currentTree +-- read-pkg-up@1.0.1
62 silly currentTree +-- read-pkg@1.1.0
62 silly currentTree +-- readable-stream@1.1.14
62 silly currentTree +-- recast@0.10.33
62 silly currentTree +-- rechoir@0.6.2
62 silly currentTree +-- redent@1.0.0
62 silly currentTree +-- regenerate@1.3.1
62 silly currentTree +-- regenerator@0.8.40
62 silly currentTree +-- regexpu@1.3.0
62 silly currentTree | `-- esprima@2.7.2
62 silly currentTree +-- regjsgen@0.2.0
62 silly currentTree +-- regjsparser@0.1.5
62 silly currentTree +-- repeat-string@1.5.4
62 silly currentTree +-- repeating@2.0.1
62 silly currentTree +-- replace-ext@0.0.1
62 silly currentTree +-- request@2.72.0
62 silly currentTree +-- resolve@1.1.7
62 silly currentTree +-- right-align@0.1.3
62 silly currentTree +-- semver@4.3.6
62 silly currentTree +-- sequencify@0.0.7
62 silly currentTree +-- shebang-regex@1.0.0
62 silly currentTree +-- sigmund@1.0.1
62 silly currentTree +-- signal-exit@3.0.0
62 silly currentTree +-- simple-fmt@0.1.0
62 silly currentTree +-- simple-is@0.2.0
62 silly currentTree +-- slash@1.0.0
62 silly currentTree +-- slick@1.12.2
62 silly currentTree +-- sntp@1.0.9
62 silly currentTree +-- source-map-support@0.2.10
62 silly currentTree | `-- source-map@0.1.32
62 silly currentTree +-- source-map@0.5.6
62 silly currentTree +-- sparkles@1.0.0
62 silly currentTree +-- spdx-correct@1.0.2
62 silly currentTree +-- spdx-exceptions@1.0.4
62 silly currentTree +-- spdx-expression-parse@1.0.2
62 silly currentTree +-- spdx-license-ids@1.2.1
62 silly currentTree +-- sshpk@1.8.3
62 silly currentTree | `-- assert-plus@1.0.0
62 silly currentTree +-- stable@0.1.5
62 silly currentTree +-- stream-consume@0.1.0
62 silly currentTree +-- stream@0.0.2
62 silly currentTree +-- streamsearch@0.1.2
62 silly currentTree +-- string_decoder@0.10.31
62 silly currentTree +-- stringmap@0.2.2
62 silly currentTree +-- stringset@0.2.1
62 silly currentTree +-- stringstream@0.0.5
62 silly currentTree +-- strip-ansi@3.0.1
62 silly currentTree +-- strip-bom@2.0.0
62 silly currentTree +-- strip-indent@1.0.1
62 silly currentTree +-- strtok2@1.0.1
62 silly currentTree +-- sum-component@0.1.1
62 silly currentTree +-- supports-color@2.0.0
62 silly currentTree +-- through2@2.0.1
62 silly currentTree | +-- isarray@1.0.0
62 silly currentTree | `-- readable-stream@2.0.6
62 silly currentTree +-- through@2.3.8
62 silly currentTree +-- tildify@1.2.0
62 silly currentTree +-- time-stamp@1.0.1
62 silly currentTree +-- to-fast-properties@1.0.2
62 silly currentTree +-- to-function@2.0.6
62 silly currentTree +-- tough-cookie@2.2.2
62 silly currentTree +-- trim-newlines@1.0.0
62 silly currentTree +-- trim-right@1.0.1
62 silly currentTree +-- try-resolve@1.0.1
62 silly currentTree +-- tryor@0.1.2
62 silly currentTree +-- tunnel-agent@0.4.3
62 silly currentTree +-- tweetnacl@0.13.3
62 silly currentTree +-- underscore.string@2.4.0
62 silly currentTree +-- underscore@1.7.0
62 silly currentTree +-- unique-stream@1.0.0
62 silly currentTree +-- user-home@1.1.1
62 silly currentTree +-- util-deprecate@1.0.2
62 silly currentTree +-- v8flags@2.0.11
62 silly currentTree +-- validate-npm-package-license@3.0.1
62 silly currentTree +-- verror@1.3.6
62 silly currentTree +-- vinyl-fs@0.3.14
62 silly currentTree | +-- clone@0.2.0
62 silly currentTree | +-- graceful-fs@3.0.8
62 silly currentTree | +-- readable-stream@1.0.34
62 silly currentTree | +-- strip-bom@1.0.0
62 silly currentTree | +-- through2@0.6.5
62 silly currentTree | `-- vinyl@0.4.6
62 silly currentTree +-- vinyl-sourcemaps-apply@0.2.1
62 silly currentTree +-- vinyl@0.5.3
62 silly currentTree +-- which@1.2.10
62 silly currentTree +-- window-size@0.1.4
62 silly currentTree +-- wordwrap@0.0.2
62 silly currentTree +-- wrappy@1.0.2
62 silly currentTree +-- xtend@4.0.1
62 silly currentTree +-- y18n@3.2.1
62 silly currentTree `-- yargs@3.27.0
62 silly currentTree   `-- camelcase@1.2.1
63 silly idealTree app@1.0.0
63 silly idealTree +-- acorn@1.2.2
63 silly idealTree +-- align-text@0.1.4
63 silly idealTree +-- alter@0.2.0
63 silly idealTree +-- amdefine@1.0.0
63 silly idealTree +-- ansi-regex@2.0.0
63 silly idealTree +-- ansi-styles@2.2.1
63 silly idealTree +-- archy@1.0.0
63 silly idealTree +-- argparse@0.1.16
63 silly idealTree +-- array-differ@1.0.0
63 silly idealTree +-- array-find-index@1.0.1
63 silly idealTree +-- array-uniq@1.0.3
63 silly idealTree +-- asn1@0.2.3
63 silly idealTree +-- assert-plus@0.2.0
63 silly idealTree +-- ast-traverse@0.1.1
63 silly idealTree +-- ast-types@0.8.12
63 silly idealTree +-- async@1.5.2
63 silly idealTree +-- aws-sign2@0.6.0
63 silly idealTree +-- aws4@1.4.1
63 silly idealTree +-- babel-core@5.8.38
63 silly idealTree | +-- lodash@3.10.1
63 silly idealTree | +-- minimatch@2.0.10
63 silly idealTree | +-- path-exists@1.0.0
63 silly idealTree | `-- repeating@1.1.3
63 silly idealTree +-- babel-plugin-constant-folding@1.0.1
63 silly idealTree +-- babel-plugin-dead-code-elimination@1.0.2
63 silly idealTree +-- babel-plugin-eval@1.0.1
63 silly idealTree +-- babel-plugin-inline-environment-variables@1.0.1
63 silly idealTree +-- babel-plugin-jscript@1.0.4
63 silly idealTree +-- babel-plugin-member-expression-literals@1.0.1
63 silly idealTree +-- babel-plugin-property-literals@1.0.1
63 silly idealTree +-- babel-plugin-proto-to-assign@1.0.4
63 silly idealTree | `-- lodash@3.10.1
63 silly idealTree +-- babel-plugin-react-constant-elements@1.0.3
63 silly idealTree +-- babel-plugin-react-display-name@1.0.3
63 silly idealTree +-- babel-plugin-remove-console@1.0.1
63 silly idealTree +-- babel-plugin-remove-debugger@1.0.1
63 silly idealTree +-- babel-plugin-runtime@1.0.7
63 silly idealTree +-- babel-plugin-undeclared-variables-check@1.0.2
63 silly idealTree +-- babel-plugin-undefined-to-void@1.1.6
63 silly idealTree +-- babylon@5.8.38
63 silly idealTree +-- balanced-match@0.4.1
63 silly idealTree +-- batchelor@2.0.1
63 silly idealTree +-- beeper@1.1.0
63 silly idealTree +-- bl@1.1.2
63 silly idealTree | +-- isarray@1.0.0
63 silly idealTree | `-- readable-stream@2.0.6
63 silly idealTree +-- bluebird@2.10.2
63 silly idealTree +-- boom@2.10.1
63 silly idealTree +-- brace-expansion@1.1.5
63 silly idealTree +-- breakable@1.0.0
63 silly idealTree +-- builtin-modules@1.1.1
63 silly idealTree +-- camelcase-keys@2.1.0
63 silly idealTree +-- camelcase@2.1.1
63 silly idealTree +-- caseless@0.11.0
63 silly idealTree +-- center-align@0.1.3
63 silly idealTree +-- chalk@1.1.3
63 silly idealTree +-- cliui@2.1.0
63 silly idealTree +-- clone-stats@0.0.1
63 silly idealTree +-- clone@1.0.2
63 silly idealTree +-- combined-stream@1.0.5
63 silly idealTree +-- commander@2.9.0
63 silly idealTree +-- commoner@0.10.4
63 silly idealTree +-- component-props@1.1.1
63 silly idealTree +-- concat-map@0.0.1
63 silly idealTree +-- convert-source-map@1.2.0
63 silly idealTree +-- core-js@1.2.6
63 silly idealTree +-- core-util-is@1.0.2
63 silly idealTree +-- cryptiles@2.0.5
63 silly idealTree +-- currently-unhandled@0.4.1
63 silly idealTree +-- dashdash@1.14.0
63 silly idealTree | `-- assert-plus@1.0.0
63 silly idealTree +-- dateformat@1.0.12
63 silly idealTree +-- debug@2.2.0
63 silly idealTree +-- decamelize@1.2.0
63 silly idealTree +-- deep-equal@0.2.1
63 silly idealTree +-- defaults@1.0.3
63 silly idealTree +-- defined@1.0.0
63 silly idealTree +-- defs@1.1.1
63 silly idealTree +-- delayed-stream@1.0.0
63 silly idealTree +-- deprecated@0.0.1
63 silly idealTree +-- detect-indent@3.0.1
63 silly idealTree | `-- repeating@1.1.3
63 silly idealTree +-- detective@4.3.1
63 silly idealTree +-- dicer@0.2.5
63 silly idealTree +-- duplexer2@0.0.2
63 silly idealTree +-- ecc-jsbn@0.1.1
63 silly idealTree +-- emitter-component@1.1.1
63 silly idealTree +-- emitter@0.0.5
63 silly idealTree +-- end-of-stream@0.1.5
63 silly idealTree +-- error-ex@1.3.0
63 silly idealTree +-- escape-string-regexp@1.0.5
63 silly idealTree +-- esprima-fb@15001.1001.0-dev-harmony-fb
63 silly idealTree +-- esutils@2.0.2
63 silly idealTree +-- extend@3.0.0
63 silly idealTree +-- extsprintf@1.0.2
63 silly idealTree +-- fancy-log@1.2.0
63 silly idealTree +-- fibers@1.0.13
63 silly idealTree +-- filereader-stream@0.2.0
63 silly idealTree | `-- inherits@1.0.0
63 silly idealTree +-- find-index@0.1.1
63 silly idealTree +-- find-up@1.1.2
63 silly idealTree +-- findup-sync@0.3.0
63 silly idealTree +-- first-chunk-stream@1.0.0
63 silly idealTree +-- flagged-respawn@0.3.2
63 silly idealTree +-- fluent-ffmpeg@2.1.0
63 silly idealTree +-- forever-agent@0.6.1
63 silly idealTree +-- form-data@1.0.0-rc4
63 silly idealTree +-- fs-readdir-recursive@0.1.2
63 silly idealTree +-- gaze@0.5.2
63 silly idealTree +-- generate-function@2.0.0
63 silly idealTree +-- generate-object-property@1.2.0
63 silly idealTree +-- get-stdin@4.0.1
63 silly idealTree +-- getpass@0.1.6
63 silly idealTree | `-- assert-plus@1.0.0
63 silly idealTree +-- glob-stream@3.1.18
63 silly idealTree | +-- glob@4.5.3
63 silly idealTree | +-- minimatch@2.0.10
63 silly idealTree | +-- readable-stream@1.0.34
63 silly idealTree | `-- through2@0.6.5
63 silly idealTree +-- glob-watcher@0.0.6
63 silly idealTree +-- glob2base@0.0.12
63 silly idealTree +-- glob@5.0.15
63 silly idealTree +-- globals@6.4.1
63 silly idealTree +-- globule@0.1.0
63 silly idealTree | +-- glob@3.1.21
63 silly idealTree | +-- graceful-fs@1.2.3
63 silly idealTree | +-- inherits@1.0.2
63 silly idealTree | `-- minimatch@0.2.14
63 silly idealTree +-- glogg@1.0.0
63 silly idealTree +-- graceful-fs@4.1.4
63 silly idealTree +-- graceful-readlink@1.0.1
63 silly idealTree +-- gulp-babel@5.3.0
63 silly idealTree | `-- object-assign@4.1.0
63 silly idealTree +-- gulp-sourcemaps@1.6.0
63 silly idealTree | `-- vinyl@1.1.1
63 silly idealTree +-- gulp-util@3.0.7
63 silly idealTree +-- gulp@3.9.1
63 silly idealTree +-- gulplog@1.0.0
63 silly idealTree +-- har-validator@2.0.6
63 silly idealTree +-- has-ansi@2.0.0
63 silly idealTree +-- has-gulplog@0.1.0
63 silly idealTree +-- hat@0.0.3
63 silly idealTree +-- hawk@3.1.3
63 silly idealTree +-- hoek@2.16.3
63 silly idealTree +-- home-or-tmp@1.0.0
63 silly idealTree +-- hosted-git-info@2.1.5
63 silly idealTree +-- http-signature@1.1.1
63 silly idealTree +-- http-string-parser@0.0.4
63 silly idealTree +-- iconv-lite@0.4.13
63 silly idealTree +-- indent-string@2.1.0
63 silly idealTree +-- inflight@1.0.5
63 silly idealTree +-- inherits@2.0.1
63 silly idealTree +-- interpret@1.0.1
63 silly idealTree +-- invert-kv@1.0.0
63 silly idealTree +-- is-arrayish@0.2.1
63 silly idealTree +-- is-buffer@1.1.3
63 silly idealTree +-- is-builtin-module@1.0.0
63 silly idealTree +-- is-finite@1.0.1
63 silly idealTree +-- is-integer@1.0.6
63 silly idealTree +-- is-my-json-valid@2.13.1
63 silly idealTree +-- is-property@1.0.2
63 silly idealTree +-- is-stream@1.1.0
63 silly idealTree +-- is-typedarray@1.0.0
63 silly idealTree +-- is-utf8@0.2.1
63 silly idealTree +-- isarray@0.0.1
63 silly idealTree +-- isexe@1.1.2
63 silly idealTree +-- isstream@0.1.2
63 silly idealTree +-- jodid25519@1.0.2
63 silly idealTree +-- jquery@2.2.4
63 silly idealTree +-- js-tokens@1.0.1
63 silly idealTree +-- js-yaml@1.0.3
63 silly idealTree +-- jsbn@0.1.0
63 silly idealTree +-- jsesc@0.5.0
63 silly idealTree +-- jsml@0.0.1
63 silly idealTree +-- json-schema@0.2.2
63 silly idealTree +-- json-stringify-safe@5.0.1
63 silly idealTree +-- json5@0.4.0
63 silly idealTree +-- jsonpointer@2.0.0
63 silly idealTree +-- jsprim@1.3.0
63 silly idealTree +-- kind-of@3.0.3
63 silly idealTree +-- later@1.2.0
63 silly idealTree +-- lazy-cache@1.0.4
63 silly idealTree +-- lcid@1.0.0
63 silly idealTree +-- leven@1.0.2
63 silly idealTree +-- liftoff@2.2.4
63 silly idealTree +-- load-json-file@1.1.0
63 silly idealTree +-- lodash._basecopy@3.0.1
63 silly idealTree +-- lodash._basetostring@3.0.1
63 silly idealTree +-- lodash._basevalues@3.0.0
63 silly idealTree +-- lodash._getnative@3.9.1
63 silly idealTree +-- lodash._isiterateecall@3.0.9
63 silly idealTree +-- lodash._reescape@3.0.0
63 silly idealTree +-- lodash._reevaluate@3.0.0
63 silly idealTree +-- lodash._reinterpolate@3.0.0
63 silly idealTree +-- lodash._root@3.0.1
63 silly idealTree +-- lodash.escape@3.2.0
63 silly idealTree +-- lodash.isarguments@3.0.8
63 silly idealTree +-- lodash.isarray@3.0.4
63 silly idealTree +-- lodash.keys@3.1.2
63 silly idealTree +-- lodash.restparam@3.6.1
63 silly idealTree +-- lodash.template@3.6.2
63 silly idealTree +-- lodash.templatesettings@3.1.1
63 silly idealTree +-- lodash@1.0.2
63 silly idealTree +-- longest@1.0.1
63 silly idealTree +-- loud-rejection@1.5.0
63 silly idealTree +-- lru-cache@2.7.3
63 silly idealTree +-- map-obj@1.0.1
63 silly idealTree +-- meow@3.7.0
63 silly idealTree | `-- object-assign@4.1.0
63 silly idealTree +-- meteor-node-stubs@0.2.3
63 silly idealTree | +-- assert@1.3.0
63 silly idealTree | +-- browserify-zlib@0.1.4
63 silly idealTree | | `-- pako@0.2.8
63 silly idealTree | +-- buffer@4.5.1
63 silly idealTree | | +-- base64-js@1.1.2
63 silly idealTree | | +-- ieee754@1.1.6
63 silly idealTree | | `-- isarray@1.0.0
63 silly idealTree | +-- console-browserify@1.1.0
63 silly idealTree | | `-- date-now@0.1.4
63 silly idealTree | +-- constants-browserify@1.0.0
63 silly idealTree | +-- crypto-browserify@3.11.0
63 silly idealTree | | +-- browserify-cipher@1.0.0
63 silly idealTree | | | +-- browserify-aes@1.0.6
63 silly idealTree | | | | +-- buffer-xor@1.0.3
63 silly idealTree | | | | `-- cipher-base@1.0.2
63 silly idealTree | | | +-- browserify-des@1.0.0
63 silly idealTree | | | | +-- cipher-base@1.0.2
63 silly idealTree | | | | `-- des.js@1.0.0
63 silly idealTree | | | |   `-- minimalistic-assert@1.0.0
63 silly idealTree | | | `-- evp_bytestokey@1.0.0
63 silly idealTree | | +-- browserify-sign@4.0.0
63 silly idealTree | | | +-- bn.js@4.11.1
63 silly idealTree | | | +-- browserify-rsa@4.0.1
63 silly idealTree | | | +-- elliptic@6.2.3
63 silly idealTree | | | | +-- brorand@1.0.5
63 silly idealTree | | | | `-- hash.js@1.0.3
63 silly idealTree | | | `-- parse-asn1@5.0.0
63 silly idealTree | | |   +-- asn1.js@4.5.2
63 silly idealTree | | |   | `-- minimalistic-assert@1.0.0
63 silly idealTree | | |   +-- browserify-aes@1.0.6
63 silly idealTree | | |   | +-- buffer-xor@1.0.3
63 silly idealTree | | |   | `-- cipher-base@1.0.2
63 silly idealTree | | |   `-- evp_bytestokey@1.0.0
63 silly idealTree | | +-- create-ecdh@4.0.0
63 silly idealTree | | | +-- bn.js@4.11.1
63 silly idealTree | | | `-- elliptic@6.2.3
63 silly idealTree | | |   +-- brorand@1.0.5
63 silly idealTree | | |   `-- hash.js@1.0.3
63 silly idealTree | | +-- create-hash@1.1.2
63 silly idealTree | | | +-- cipher-base@1.0.2
63 silly idealTree | | | +-- ripemd160@1.0.1
63 silly idealTree | | | `-- sha.js@2.4.5
63 silly idealTree | | +-- create-hmac@1.1.4
63 silly idealTree | | +-- diffie-hellman@5.0.2
63 silly idealTree | | | +-- bn.js@4.11.1
63 silly idealTree | | | `-- miller-rabin@4.0.0
63 silly idealTree | | |   `-- brorand@1.0.5
63 silly idealTree | | +-- inherits@2.0.1
63 silly idealTree | | +-- pbkdf2@3.0.4
63 silly idealTree | | +-- public-encrypt@4.0.0
63 silly idealTree | | | +-- bn.js@4.11.1
63 silly idealTree | | | +-- browserify-rsa@4.0.1
63 silly idealTree | | | `-- parse-asn1@5.0.0
63 silly idealTree | | |   +-- asn1.js@4.5.2
63 silly idealTree | | |   | `-- minimalistic-assert@1.0.0
63 silly idealTree | | |   +-- browserify-aes@1.0.6
63 silly idealTree | | |   | +-- buffer-xor@1.0.3
63 silly idealTree | | |   | `-- cipher-base@1.0.2
63 silly idealTree | | |   `-- evp_bytestokey@1.0.0
63 silly idealTree | | `-- randombytes@2.0.3
63 silly idealTree | +-- domain-browser@1.1.7
63 silly idealTree | +-- events@1.1.0
63 silly idealTree | +-- http-browserify@1.7.0
63 silly idealTree | | +-- Base64@0.2.1
63 silly idealTree | | `-- inherits@2.0.1
63 silly idealTree | +-- https-browserify@0.0.1
63 silly idealTree | +-- os-browserify@0.2.1
63 silly idealTree | +-- path-browserify@0.0.0
63 silly idealTree | +-- process@0.11.2
63 silly idealTree | +-- punycode@1.4.1
63 silly idealTree | +-- querystring-es3@0.2.1
63 silly idealTree | +-- readable-stream@2.0.6
63 silly idealTree | | +-- core-util-is@1.0.2
63 silly idealTree | | +-- inherits@2.0.1
63 silly idealTree | | +-- isarray@1.0.0
63 silly idealTree | | +-- process-nextick-args@1.0.6
63 silly idealTree | | `-- util-deprecate@1.0.2
63 silly idealTree | +-- stream-browserify@2.0.1
63 silly idealTree | | `-- inherits@2.0.1
63 silly idealTree | +-- string_decoder@0.10.31
63 silly idealTree | +-- timers-browserify@1.4.2
63 silly idealTree | +-- tty-browserify@0.0.0
63 silly idealTree | +-- url@0.11.0
63 silly idealTree | | +-- punycode@1.3.2
63 silly idealTree | | `-- querystring@0.2.0
63 silly idealTree | +-- util@0.10.3
63 silly idealTree | | `-- inherits@2.0.1
63 silly idealTree | `-- vm-browserify@0.0.4
63 silly idealTree |   `-- indexof@0.0.1
63 silly idealTree +-- mime-db@1.23.0
63 silly idealTree +-- mime-types@2.1.11
63 silly idealTree +-- minimatch@3.0.2
63 silly idealTree +-- minimist@1.2.0
63 silly idealTree +-- mkdirp@0.5.1
63 silly idealTree | `-- minimist@0.0.8
63 silly idealTree +-- ms@0.7.1
63 silly idealTree +-- multipipe@0.1.2
63 silly idealTree +-- musicmetadata@2.0.4
63 silly idealTree +-- node-uuid@1.4.7
63 silly idealTree +-- normalize-package-data@2.3.5
63 silly idealTree +-- number-is-nan@1.0.0
63 silly idealTree +-- oauth-sign@0.8.2
63 silly idealTree +-- object-assign@3.0.0
63 silly idealTree +-- once@1.3.3
63 silly idealTree +-- orchestrator@0.3.7
63 silly idealTree +-- ordered-read-streams@0.1.0
63 silly idealTree +-- os-homedir@1.0.1
63 silly idealTree +-- os-locale@1.4.0
63 silly idealTree +-- os-tmpdir@1.0.1
63 silly idealTree +-- output-file-sync@1.1.2
63 silly idealTree | `-- object-assign@4.1.0
63 silly idealTree +-- parse-json@2.2.0
63 silly idealTree +-- path-exists@2.1.0
63 silly idealTree +-- path-is-absolute@1.0.0
63 silly idealTree +-- path-type@1.1.0
63 silly idealTree +-- pify@2.3.0
63 silly idealTree +-- pinkie-promise@2.0.1
63 silly idealTree +-- pinkie@2.0.4
63 silly idealTree +-- pretty-hrtime@1.0.2
63 silly idealTree +-- private@0.1.6
63 silly idealTree +-- process-nextick-args@1.0.7
63 silly idealTree +-- props@0.3.0
63 silly idealTree +-- q@1.4.1
63 silly idealTree +-- qs@6.1.0
63 silly idealTree +-- read-pkg-up@1.0.1
63 silly idealTree +-- read-pkg@1.1.0
63 silly idealTree +-- readable-stream@1.1.14
63 silly idealTree +-- recast@0.10.33
63 silly idealTree +-- rechoir@0.6.2
63 silly idealTree +-- redent@1.0.0
63 silly idealTree +-- regenerate@1.3.1
63 silly idealTree +-- regenerator@0.8.40
63 silly idealTree +-- regexpu@1.3.0
63 silly idealTree | `-- esprima@2.7.2
63 silly idealTree +-- regjsgen@0.2.0
63 silly idealTree +-- regjsparser@0.1.5
63 silly idealTree +-- repeat-string@1.5.4
63 silly idealTree +-- repeating@2.0.1
63 silly idealTree +-- replace-ext@0.0.1
63 silly idealTree +-- request@2.72.0
63 silly idealTree +-- resolve@1.1.7
63 silly idealTree +-- right-align@0.1.3
63 silly idealTree +-- semver@4.3.6
63 silly idealTree +-- sequencify@0.0.7
63 silly idealTree +-- shebang-regex@1.0.0
63 silly idealTree +-- sigmund@1.0.1
63 silly idealTree +-- signal-exit@3.0.0
63 silly idealTree +-- simple-fmt@0.1.0
63 silly idealTree +-- simple-is@0.2.0
63 silly idealTree +-- slash@1.0.0
63 silly idealTree +-- slick@1.12.2
63 silly idealTree +-- sntp@1.0.9
63 silly idealTree +-- source-map-support@0.2.10
63 silly idealTree | `-- source-map@0.1.32
63 silly idealTree +-- source-map@0.5.6
63 silly idealTree +-- sparkles@1.0.0
63 silly idealTree +-- spdx-correct@1.0.2
63 silly idealTree +-- spdx-exceptions@1.0.4
63 silly idealTree +-- spdx-expression-parse@1.0.2
63 silly idealTree +-- spdx-license-ids@1.2.1
63 silly idealTree +-- sshpk@1.8.3
63 silly idealTree | `-- assert-plus@1.0.0
63 silly idealTree +-- stable@0.1.5
63 silly idealTree +-- stream-consume@0.1.0
63 silly idealTree +-- stream@0.0.2
63 silly idealTree +-- streamsearch@0.1.2
63 silly idealTree +-- string_decoder@0.10.31
63 silly idealTree +-- stringmap@0.2.2
63 silly idealTree +-- stringset@0.2.1
63 silly idealTree +-- stringstream@0.0.5
63 silly idealTree +-- strip-ansi@3.0.1
63 silly idealTree +-- strip-bom@2.0.0
63 silly idealTree +-- strip-indent@1.0.1
63 silly idealTree +-- strtok2@1.0.1
63 silly idealTree +-- sum-component@0.1.1
63 silly idealTree +-- supports-color@2.0.0
63 silly idealTree +-- through2@2.0.1
63 silly idealTree | +-- isarray@1.0.0
63 silly idealTree | `-- readable-stream@2.0.6
63 silly idealTree +-- through@2.3.8
63 silly idealTree +-- tildify@1.2.0
63 silly idealTree +-- time-stamp@1.0.1
63 silly idealTree +-- to-fast-properties@1.0.2
63 silly idealTree +-- to-function@2.0.6
63 silly idealTree +-- tough-cookie@2.2.2
63 silly idealTree +-- trim-newlines@1.0.0
63 silly idealTree +-- trim-right@1.0.1
63 silly idealTree +-- try-resolve@1.0.1
63 silly idealTree +-- tryor@0.1.2
63 silly idealTree +-- tunnel-agent@0.4.3
63 silly idealTree +-- tweetnacl@0.13.3
63 silly idealTree +-- underscore.string@2.4.0
63 silly idealTree +-- underscore@1.7.0
63 silly idealTree +-- unique-stream@1.0.0
63 silly idealTree +-- user-home@1.1.1
63 silly idealTree +-- util-deprecate@1.0.2
63 silly idealTree +-- v8flags@2.0.11
63 silly idealTree +-- validate-npm-package-license@3.0.1
63 silly idealTree +-- verror@1.3.6
63 silly idealTree +-- vinyl-fs@0.3.14
63 silly idealTree | +-- clone@0.2.0
63 silly idealTree | +-- graceful-fs@3.0.8
63 silly idealTree | +-- readable-stream@1.0.34
63 silly idealTree | +-- strip-bom@1.0.0
63 silly idealTree | +-- through2@0.6.5
63 silly idealTree | `-- vinyl@0.4.6
63 silly idealTree +-- vinyl-sourcemaps-apply@0.2.1
63 silly idealTree +-- vinyl@0.5.3
63 silly idealTree +-- which@1.2.10
63 silly idealTree +-- window-size@0.1.4
63 silly idealTree +-- wordwrap@0.0.2
63 silly idealTree +-- wrappy@1.0.2
63 silly idealTree +-- xtend@4.0.1
63 silly idealTree +-- y18n@3.2.1
63 silly idealTree `-- yargs@3.27.0
63 silly idealTree   `-- camelcase@1.2.1
64 silly generateActionsToTake Starting
65 silly install generateActionsToTake
66 silly generateActionsToTake Finishing
67 silly diffTrees action count 1
68 silly diffTrees add fibers@1.0.13
69 silly decomposeActions action count 8
70 silly decomposeActions fetch fibers@1.0.13
71 silly decomposeActions extract fibers@1.0.13
72 silly decomposeActions test fibers@1.0.13
73 silly decomposeActions preinstall fibers@1.0.13
74 silly decomposeActions build fibers@1.0.13
75 silly decomposeActions install fibers@1.0.13
76 silly decomposeActions postinstall fibers@1.0.13
77 silly decomposeActions finalize fibers@1.0.13
78 silly executeActions Starting
79 silly install executeActions
80 silly doSerial global-install 0
81 silly doParallel fetch 1
82 verbose correctMkdir C:\Users\thinkpad\AppData\Roaming\npm-cache\_locks correctMkdir not in flight; initializing
83 verbose lock using C:\Users\thinkpad\AppData\Roaming\npm-cache\_locks\staging-c3ddda7cf5a1eac7.lock for C:\dev\dash\app\node_modules\.staging
84 silly doParallel extract 1
85 silly extract fibers@1.0.13
86 verbose unbuild node_modules\.staging\fibers-ff392f5d
87 silly gentlyRm C:\dev\dash\app\node_modules\.staging\fibers-ff392f5d is being purged from base C:\dev\dash\app
88 verbose gentlyRm don't care about contents; nuking C:\dev\dash\app\node_modules\.staging\fibers-ff392f5d
89 verbose tar unpack C:\Users\thinkpad\AppData\Roaming\npm-cache\fibers\1.0.13\package.tgz
90 verbose tar unpacking to C:\dev\dash\app\node_modules\.staging\fibers-ff392f5d
91 silly gentlyRm C:\dev\dash\app\node_modules\.staging\fibers-ff392f5d is being purged
92 verbose gentlyRm don't care about contents; nuking C:\dev\dash\app\node_modules\.staging\fibers-ff392f5d
93 silly gunzTarPerm modes [ '777', '666' ]
94 silly gunzTarPerm extractEntry package.json
95 silly gunzTarPerm modified mode [ 'package.json', 420, 438 ]
96 silly gunzTarPerm extractEntry .npmignore
97 silly gunzTarPerm modified mode [ '.npmignore', 420, 438 ]
98 silly gunzTarPerm extractEntry README.md
99 silly gunzTarPerm modified mode [ 'README.md', 420, 438 ]
100 silly gunzTarPerm extractEntry LICENSE
101 silly gunzTarPerm modified mode [ 'LICENSE', 420, 438 ]
102 silly gunzTarPerm extractEntry quick-test.js
103 silly gunzTarPerm modified mode [ 'quick-test.js', 420, 438 ]
104 silly gunzTarPerm extractEntry future.js
105 silly gunzTarPerm modified mode [ 'future.js', 420, 438 ]
106 silly gunzTarPerm extractEntry build.js
107 silly gunzTarPerm modified mode [ 'build.js', 493, 511 ]
108 silly gunzTarPerm extractEntry test.js
109 silly gunzTarPerm modified mode [ 'test.js', 493, 511 ]
110 silly gunzTarPerm extractEntry fibers.js
111 silly gunzTarPerm modified mode [ 'fibers.js', 420, 438 ]
112 silly gunzTarPerm extractEntry note.txt
113 silly gunzTarPerm modified mode [ 'note.txt', 420, 438 ]
114 silly gunzTarPerm extractEntry binding.gyp
115 silly gunzTarPerm modified mode [ 'binding.gyp', 420, 438 ]
116 silly gunzTarPerm extractEntry bin/.npmignore
117 silly gunzTarPerm modified mode [ 'bin/.npmignore', 420, 438 ]
118 silly gunzTarPerm extractEntry bin/win32-x64-v8-5.0/fibers.node
119 silly gunzTarPerm modified mode [ 'bin/win32-x64-v8-5.0/fibers.node', 420, 438 ]
120 silly gunzTarPerm extractEntry bin/darwin-ia32-v8-4.6/fibers.node
121 silly gunzTarPerm modified mode [ 'bin/darwin-ia32-v8-4.6/fibers.node', 493, 511 ]
122 silly gunzTarPerm extractEntry bin/darwin-ia32-v8-5.0/fibers.node
123 silly gunzTarPerm modified mode [ 'bin/darwin-ia32-v8-5.0/fibers.node', 493, 511 ]
124 silly gunzTarPerm extractEntry bin/darwin-x64-v8-4.5/fibers.node
125 silly gunzTarPerm modified mode [ 'bin/darwin-x64-v8-4.5/fibers.node', 493, 511 ]
126 silly gunzTarPerm extractEntry bin/darwin-x64-v8-4.6/fibers.node
127 silly gunzTarPerm modified mode [ 'bin/darwin-x64-v8-4.6/fibers.node', 493, 511 ]
128 silly gunzTarPerm extractEntry bin/darwin-x64-v8-5.0/fibers.node
129 silly gunzTarPerm modified mode [ 'bin/darwin-x64-v8-5.0/fibers.node', 493, 511 ]
130 silly gunzTarPerm extractEntry bin/linux-ia32-v8-4.5/fibers.node
131 silly gunzTarPerm modified mode [ 'bin/linux-ia32-v8-4.5/fibers.node', 493, 511 ]
132 silly gunzTarPerm extractEntry bin/linux-ia32-v8-4.6/fibers.node
133 silly gunzTarPerm modified mode [ 'bin/linux-ia32-v8-4.6/fibers.node', 493, 511 ]
134 silly gunzTarPerm extractEntry bin/linux-ia32-v8-5.0/fibers.node
135 silly gunzTarPerm modified mode [ 'bin/linux-ia32-v8-5.0/fibers.node', 420, 438 ]
136 silly gunzTarPerm extractEntry bin/darwin-ia32-v8-4.5/fibers.node
137 silly gunzTarPerm modified mode [ 'bin/darwin-ia32-v8-4.5/fibers.node', 493, 511 ]
138 silly gunzTarPerm extractEntry bin/linux-x64-v8-4.6/fibers.node
139 silly gunzTarPerm modified mode [ 'bin/linux-x64-v8-4.6/fibers.node', 493, 511 ]
140 silly gunzTarPerm extractEntry bin/linux-x64-v8-5.0/fibers.node
141 silly gunzTarPerm modified mode [ 'bin/linux-x64-v8-5.0/fibers.node', 420, 438 ]
142 silly gunzTarPerm extractEntry bin/repl
143 silly gunzTarPerm modified mode [ 'bin/repl', 493, 511 ]
144 silly gunzTarPerm extractEntry bin/win32-ia32-v8-4.5/fibers.node
145 silly gunzTarPerm modified mode [ 'bin/win32-ia32-v8-4.5/fibers.node', 420, 438 ]
146 silly gunzTarPerm extractEntry bin/win32-ia32-v8-4.6/fibers.node
147 silly gunzTarPerm modified mode [ 'bin/win32-ia32-v8-4.6/fibers.node', 420, 438 ]
148 silly gunzTarPerm extractEntry bin/win32-ia32-v8-5.0/fibers.node
149 silly gunzTarPerm modified mode [ 'bin/win32-ia32-v8-5.0/fibers.node', 420, 438 ]
150 silly gunzTarPerm extractEntry bin/win32-x64-v8-4.5/fibers.node
151 silly gunzTarPerm modified mode [ 'bin/win32-x64-v8-4.5/fibers.node', 420, 438 ]
152 silly gunzTarPerm extractEntry bin/win32-x64-v8-4.6/fibers.node
153 silly gunzTarPerm modified mode [ 'bin/win32-x64-v8-4.6/fibers.node', 420, 438 ]
154 silly gunzTarPerm extractEntry bin/linux-x64-v8-4.5/fibers.node
155 silly gunzTarPerm modified mode [ 'bin/linux-x64-v8-4.5/fibers.node', 493, 511 ]
156 silly gunzTarPerm extractEntry src/coroutine.cc
157 silly gunzTarPerm modified mode [ 'src/coroutine.cc', 420, 438 ]
158 silly gunzTarPerm extractEntry src/coroutine.h
159 silly gunzTarPerm modified mode [ 'src/coroutine.h', 420, 438 ]
160 silly gunzTarPerm extractEntry src/fibers.cc
161 silly gunzTarPerm modified mode [ 'src/fibers.cc', 420, 438 ]
162 silly gunzTarPerm extractEntry src/libcoro/README
163 silly gunzTarPerm modified mode [ 'src/libcoro/README', 420, 438 ]
164 silly gunzTarPerm extractEntry src/libcoro/LICENSE
165 silly gunzTarPerm modified mode [ 'src/libcoro/LICENSE', 420, 438 ]
166 silly gunzTarPerm extractEntry src/libcoro/conftest.c
167 silly gunzTarPerm modified mode [ 'src/libcoro/conftest.c', 420, 438 ]
168 silly gunzTarPerm extractEntry src/libcoro/coro.c
169 silly gunzTarPerm modified mode [ 'src/libcoro/coro.c', 420, 438 ]
170 silly gunzTarPerm extractEntry src/libcoro/coro.h
171 silly gunzTarPerm modified mode [ 'src/libcoro/coro.h', 420, 438 ]
172 silly gunzTarPerm extractEntry test/already-running.js
173 silly gunzTarPerm modified mode [ 'test/already-running.js', 420, 438 ]
174 silly gunzTarPerm extractEntry test/exit.js
175 silly gunzTarPerm modified mode [ 'test/exit.js', 420, 438 ]
176 silly gunzTarPerm extractEntry test/fibonacci.js
177 silly gunzTarPerm modified mode [ 'test/fibonacci.js', 420, 438 ]
178 silly gunzTarPerm extractEntry test/finish-multiple.js
179 silly gunzTarPerm modified mode [ 'test/finish-multiple.js', 420, 438 ]
180 silly gunzTarPerm extractEntry test/future-exception.js
181 silly gunzTarPerm modified mode [ 'test/future-exception.js', 420, 438 ]
182 silly gunzTarPerm extractEntry test/exec.js
183 silly gunzTarPerm modified mode [ 'test/exec.js', 420, 438 ]
184 silly gunzTarPerm extractEntry test/illegal-yield.js
185 silly gunzTarPerm modified mode [ 'test/illegal-yield.js', 420, 438 ]
186 silly gunzTarPerm extractEntry test/pool.js
187 silly gunzTarPerm modified mode [ 'test/pool.js', 420, 438 ]
188 silly gunzTarPerm extractEntry test/process-title.js
189 silly gunzTarPerm modified mode [ 'test/process-title.js', 420, 438 ]
190 silly gunzTarPerm extractEntry test/stack-overflow.js
191 silly gunzTarPerm modified mode [ 'test/stack-overflow.js', 420, 438 ]
192 silly gunzTarPerm extractEntry test/stack-overflow2.js
193 silly gunzTarPerm modified mode [ 'test/stack-overflow2.js', 493, 511 ]
194 silly gunzTarPerm extractEntry test/current.js
195 silly gunzTarPerm modified mode [ 'test/current.js', 420, 438 ]
196 silly gunzTarPerm extractEntry test/stack-overflow3.js
197 silly gunzTarPerm modified mode [ 'test/stack-overflow3.js', 420, 438 ]
198 silly gunzTarPerm extractEntry test/child-process.js
199 silly gunzTarPerm modified mode [ 'test/child-process.js', 420, 438 ]
200 silly gunzTarPerm extractEntry test/started.js
201 silly gunzTarPerm modified mode [ 'test/started.js', 420, 438 ]
202 silly gunzTarPerm extractEntry test/bad-context.js
203 silly gunzTarPerm modified mode [ 'test/bad-context.js', 420, 438 ]
204 silly gunzTarPerm extractEntry test/unwind.js
205 silly gunzTarPerm modified mode [ 'test/unwind.js', 420, 438 ]
206 silly gunzTarPerm extractEntry test/future.js
207 silly gunzTarPerm modified mode [ 'test/future.js', 420, 438 ]
208 silly gentlyRm C:\dev\dash\app\node_modules\.staging\fibers-ff392f5d\node_modules is being purged
209 verbose gentlyRm don't care about contents; nuking C:\dev\dash\app\node_modules\.staging\fibers-ff392f5d\node_modules
210 silly doParallel preinstall 1
211 silly preinstall fibers@1.0.13 C:\dev\dash\app\node_modules\.staging\fibers-ff392f5d
212 info lifecycle fibers@1.0.13~preinstall: fibers@1.0.13
213 silly lifecycle fibers@1.0.13~preinstall: no script for preinstall, continuing
214 silly doReverseSerial remove 0
215 silly doSerial move 0
216 silly doSerial finalize 1
217 silly finalize C:\dev\dash\app\node_modules\fibers
218 silly doSerial build 1
219 silly build fibers@1.0.13
220 info linkStuff fibers@1.0.13
221 silly linkStuff fibers@1.0.13 has C:\dev\dash\app\node_modules as its parent node_modules
222 verbose linkBins fibers@1.0.13
223 verbose linkMans fibers@1.0.13
224 silly doSerial global-link 0
225 silly doParallel update-linked 0
226 silly doSerial install 1
227 silly install fibers@1.0.13 C:\dev\dash\app\node_modules\.staging\fibers-ff392f5d
228 info lifecycle fibers@1.0.13~install: fibers@1.0.13
229 verbose lifecycle fibers@1.0.13~install: unsafe-perm in lifecycle true
230 verbose lifecycle fibers@1.0.13~install: PATH: C:\Users\thinkpad\AppData\Local\.meteor\packages\meteor-tool\1.3.4_1\mt-os.windows.x86_32\dev_bundle\lib\node_modules\npm\bin\node-gyp-bin;C:\dev\dash\app\node_modules\fibers\node_modules\.bin;C:\dev\dash\app\node_modules\.bin;C:\Users\thinkpad\AppData\Local\.meteor\packages\meteor-tool\1.3.4_1\mt-os.windows.x86_32\dev_bundle\bin;C:\Users\thinkpad\AppData\Local\.meteor\packages\meteor-tool\1.3.4_1\mt-os.windows.x86_32\dev_bundle\bin;C:\Users\thinkpad\AppData\Local\.meteor\packages\meteor-tool\1.3.4_1\mt-os.windows.x86_32\dev_bundle\lib\node_modules\.bin;C:\Program Files (x86)\Jahshaka\..\gtk2\bin;C:\Program Files (x86)\Jahshaka\..\mlt\bin;C:\Program Files (x86)\OpenLibraries\bin;C:\Program Files (x86)\QuickTime Alternative\QTSystem\;C:\WINDOWS\system32;C:\WINDOWS;C:\WINDOWS\System32\Wbem;C:\Program Files\nodejs\;C:\Users\thinkpad\AppData\Local\atom\bin;C:\Users\thinkpad\AppData\Local\.meteor\;c:\ffmpeg\bin;C:\Program Files\gs\gs9.18\bin;C:\Program Files (x86)\Git\bin;C:\mongodb\bin;C:\Users\thinkpad\AppData\Roaming\npm
231 verbose lifecycle fibers@1.0.13~install: CWD: C:\dev\dash\app\node_modules\fibers
232 silly lifecycle fibers@1.0.13~install: Args: [ '/d /s /c', 'node build.js || nodejs build.js' ]
233 silly lifecycle fibers@1.0.13~install: Returned: code: 1  signal: null
234 info lifecycle fibers@1.0.13~install: Failed to exec install script
235 verbose unlock done using C:\Users\thinkpad\AppData\Roaming\npm-cache\_locks\staging-c3ddda7cf5a1eac7.lock for C:\dev\dash\app\node_modules\.staging
236 silly rollbackFailedOptional Starting
237 silly rollbackFailedOptional Finishing
238 silly runTopLevelLifecycles Starting
239 silly runTopLevelLifecycles Finishing
240 silly install printInstalled
241 warn app@1.0.0 No description
242 warn app@1.0.0 No repository field.
243 verbose stack Error: fibers@1.0.13 install: `node build.js || nodejs build.js`
243 verbose stack Exit status 1
243 verbose stack     at EventEmitter.<anonymous> (C:\Users\thinkpad\AppData\Local\.meteor\packages\meteor-tool\1.3.4_1\mt-os.windows.x86_32\dev_bundle\lib\node_modules\npm\lib\utils\lifecycle.js:245:16)
243 verbose stack     at EventEmitter.emit (events.js:98:17)
243 verbose stack     at ChildProcess.<anonymous> (C:\Users\thinkpad\AppData\Local\.meteor\packages\meteor-tool\1.3.4_1\mt-os.windows.x86_32\dev_bundle\lib\node_modules\npm\lib\utils\spawn.js:24:14)
243 verbose stack     at ChildProcess.emit (events.js:98:17)
243 verbose stack     at maybeClose (child_process.js:766:16)
243 verbose stack     at Process.ChildProcess._handle.onexit (child_process.js:833:5)
244 verbose pkgid fibers@1.0.13
245 verbose cwd C:\dev\dash\app
246 error Windows_NT 10.0.10586
247 error argv "C:\\Users\\thinkpad\\AppData\\Local\\.meteor\\packages\\meteor-tool\\1.3.4_1\\mt-os.windows.x86_32\\dev_bundle\\bin\\\\node.exe" "C:\\Users\\thinkpad\\AppData\\Local\\.meteor\\packages\\meteor-tool\\1.3.4_1\\mt-os.windows.x86_32\\dev_bundle\\lib\\node_modules\\npm\\bin\\npm-cli.js" "install"
248 error node v0.10.45
249 error npm  v3.9.6
250 error code ELIFECYCLE
251 error fibers@1.0.13 install: `node build.js || nodejs build.js`
251 error Exit status 1
252 error Failed at the fibers@1.0.13 install script 'node build.js || nodejs build.js'.
252 error Make sure you have the latest version of node.js and npm installed.
252 error If you do, this is most likely a problem with the fibers package,
252 error not with npm itself.
252 error Tell the author that this fails on your system:
252 error     node build.js || nodejs build.js
252 error You can get information on how to open an issue for this project with:
252 error     npm bugs fibers
252 error Or if that isn't available, you can get their info via:
252 error     npm owner ls fibers
252 error There is likely additional logging output above.
253 verbose exit [ 1, true ]
